{"/Users/wennyxiong/Desktop/Path to SDE/Hack Reactor/SEI Projects/FEC/Client/src/App.jsx": {"path":"/Users/wennyxiong/Desktop/Path to SDE/Hack Reactor/SEI Projects/FEC/Client/src/App.jsx","statementMap":{"0":{"start":{"line":12,"column":12},"end":{"line":67,"column":1}},"1":{"start":{"line":13,"column":36},"end":{"line":13,"column":51}},"2":{"start":{"line":14,"column":32},"end":{"line":14,"column":44}},"3":{"start":{"line":15,"column":46},"end":{"line":15,"column":58}},"4":{"start":{"line":17,"column":21},"end":{"line":24,"column":3}},"5":{"start":{"line":18,"column":4},"end":{"line":23,"column":71}},"6":{"start":{"line":21,"column":8},"end":{"line":21,"column":37}},"7":{"start":{"line":23,"column":22},"end":{"line":23,"column":70}},"8":{"start":{"line":26,"column":21},"end":{"line":33,"column":3}},"9":{"start":{"line":27,"column":4},"end":{"line":32,"column":72}},"10":{"start":{"line":30,"column":8},"end":{"line":30,"column":44}},"11":{"start":{"line":32,"column":22},"end":{"line":32,"column":70}},"12":{"start":{"line":35,"column":2},"end":{"line":41,"column":9}},"13":{"start":{"line":36,"column":4},"end":{"line":40,"column":64}},"14":{"start":{"line":38,"column":8},"end":{"line":38,"column":21}},"15":{"start":{"line":40,"column":22},"end":{"line":40,"column":62}},"16":{"start":{"line":43,"column":2},"end":{"line":66,"column":4}}},"fnMap":{"0":{"name":"(anonymous_0)","decl":{"start":{"line":12,"column":12},"end":{"line":12,"column":13}},"loc":{"start":{"line":12,"column":18},"end":{"line":67,"column":1}},"line":12},"1":{"name":"(anonymous_1)","decl":{"start":{"line":17,"column":21},"end":{"line":17,"column":22}},"loc":{"start":{"line":18,"column":4},"end":{"line":23,"column":71}},"line":18},"2":{"name":"(anonymous_2)","decl":{"start":{"line":19,"column":12},"end":{"line":19,"column":13}},"loc":{"start":{"line":19,"column":29},"end":{"line":22,"column":7}},"line":19},"3":{"name":"(anonymous_3)","decl":{"start":{"line":23,"column":13},"end":{"line":23,"column":14}},"loc":{"start":{"line":23,"column":22},"end":{"line":23,"column":70}},"line":23},"4":{"name":"(anonymous_4)","decl":{"start":{"line":26,"column":21},"end":{"line":26,"column":22}},"loc":{"start":{"line":26,"column":27},"end":{"line":33,"column":3}},"line":26},"5":{"name":"(anonymous_5)","decl":{"start":{"line":28,"column":12},"end":{"line":28,"column":13}},"loc":{"start":{"line":28,"column":29},"end":{"line":31,"column":7}},"line":28},"6":{"name":"(anonymous_6)","decl":{"start":{"line":32,"column":13},"end":{"line":32,"column":14}},"loc":{"start":{"line":32,"column":22},"end":{"line":32,"column":70}},"line":32},"7":{"name":"(anonymous_7)","decl":{"start":{"line":35,"column":12},"end":{"line":35,"column":13}},"loc":{"start":{"line":35,"column":18},"end":{"line":41,"column":3}},"line":35},"8":{"name":"(anonymous_8)","decl":{"start":{"line":37,"column":12},"end":{"line":37,"column":13}},"loc":{"start":{"line":37,"column":18},"end":{"line":39,"column":7}},"line":37},"9":{"name":"(anonymous_9)","decl":{"start":{"line":40,"column":13},"end":{"line":40,"column":14}},"loc":{"start":{"line":40,"column":22},"end":{"line":40,"column":62}},"line":40}},"branchMap":{"0":{"loc":{"start":{"line":46,"column":7},"end":{"line":64,"column":9}},"type":"cond-expr","locations":[{"start":{"line":47,"column":10},"end":{"line":47,"column":31}},{"start":{"line":49,"column":10},"end":{"line":63,"column":16}}],"line":46}},"s":{"0":0,"1":0,"2":0,"3":0,"4":0,"5":0,"6":0,"7":0,"8":0,"9":0,"10":0,"11":0,"12":0,"13":0,"14":0,"15":0,"16":0},"f":{"0":0,"1":0,"2":0,"3":0,"4":0,"5":0,"6":0,"7":0,"8":0,"9":0},"b":{"0":[0,0]}}
,"/Users/wennyxiong/Desktop/Path to SDE/Hack Reactor/SEI Projects/FEC/Client/src/index.jsx": {"path":"/Users/wennyxiong/Desktop/Path to SDE/Hack Reactor/SEI Projects/FEC/Client/src/index.jsx","statementMap":{"0":{"start":{"line":6,"column":13},"end":{"line":6,"column":56}},"1":{"start":{"line":8,"column":0},"end":{"line":8,"column":21}}},"fnMap":{},"branchMap":{},"s":{"0":0,"1":0},"f":{},"b":{}}
,"/Users/wennyxiong/Desktop/Path to SDE/Hack Reactor/SEI Projects/FEC/Client/src/StyleComponents/GeneralStyles.jsx": {"path":"/Users/wennyxiong/Desktop/Path to SDE/Hack Reactor/SEI Projects/FEC/Client/src/StyleComponents/GeneralStyles.jsx","statementMap":{"0":{"start":{"line":3,"column":22},"end":{"line":7,"column":1}}},"fnMap":{},"branchMap":{},"s":{"0":0},"f":{},"b":{}}
,"/Users/wennyxiong/Desktop/Path to SDE/Hack Reactor/SEI Projects/FEC/Client/src/StyleComponents/Overview_Styles/ATC.jsx": {"path":"/Users/wennyxiong/Desktop/Path to SDE/Hack Reactor/SEI Projects/FEC/Client/src/StyleComponents/Overview_Styles/ATC.jsx","statementMap":{"0":{"start":{"line":3,"column":12},"end":{"line":62,"column":1}}},"fnMap":{},"branchMap":{},"s":{"0":0},"f":{},"b":{}}
,"/Users/wennyxiong/Desktop/Path to SDE/Hack Reactor/SEI Projects/FEC/Client/src/StyleComponents/Overview_Styles/IG.jsx": {"path":"/Users/wennyxiong/Desktop/Path to SDE/Hack Reactor/SEI Projects/FEC/Client/src/StyleComponents/Overview_Styles/IG.jsx","statementMap":{"0":{"start":{"line":3,"column":11},"end":{"line":147,"column":1}}},"fnMap":{},"branchMap":{},"s":{"0":0},"f":{},"b":{}}
,"/Users/wennyxiong/Desktop/Path to SDE/Hack Reactor/SEI Projects/FEC/Client/src/StyleComponents/Overview_Styles/PAI.jsx": {"path":"/Users/wennyxiong/Desktop/Path to SDE/Hack Reactor/SEI Projects/FEC/Client/src/StyleComponents/Overview_Styles/PAI.jsx","statementMap":{"0":{"start":{"line":3,"column":12},"end":{"line":42,"column":1}}},"fnMap":{},"branchMap":{},"s":{"0":0},"f":{},"b":{}}
,"/Users/wennyxiong/Desktop/Path to SDE/Hack Reactor/SEI Projects/FEC/Client/src/StyleComponents/Overview_Styles/PI.jsx": {"path":"/Users/wennyxiong/Desktop/Path to SDE/Hack Reactor/SEI Projects/FEC/Client/src/StyleComponents/Overview_Styles/PI.jsx","statementMap":{"0":{"start":{"line":3,"column":11},"end":{"line":71,"column":1}}},"fnMap":{},"branchMap":{},"s":{"0":0},"f":{},"b":{}}
,"/Users/wennyxiong/Desktop/Path to SDE/Hack Reactor/SEI Projects/FEC/Client/src/StyleComponents/Overview_Styles/SS.jsx": {"path":"/Users/wennyxiong/Desktop/Path to SDE/Hack Reactor/SEI Projects/FEC/Client/src/StyleComponents/Overview_Styles/SS.jsx","statementMap":{"0":{"start":{"line":3,"column":11},"end":{"line":45,"column":1}}},"fnMap":{},"branchMap":{},"s":{"0":0},"f":{},"b":{}}
,"/Users/wennyxiong/Desktop/Path to SDE/Hack Reactor/SEI Projects/FEC/Client/src/StyleComponents/Overview_Styles/SectionDiv.jsx": {"path":"/Users/wennyxiong/Desktop/Path to SDE/Hack Reactor/SEI Projects/FEC/Client/src/StyleComponents/Overview_Styles/SectionDiv.jsx","statementMap":{"0":{"start":{"line":3,"column":19},"end":{"line":35,"column":1}}},"fnMap":{},"branchMap":{},"s":{"0":0},"f":{},"b":{}}
,"/Users/wennyxiong/Desktop/Path to SDE/Hack Reactor/SEI Projects/FEC/Client/src/StyleComponents/QA_Styles/AStyle.jsx": {"path":"/Users/wennyxiong/Desktop/Path to SDE/Hack Reactor/SEI Projects/FEC/Client/src/StyleComponents/QA_Styles/AStyle.jsx","statementMap":{"0":{"start":{"line":3,"column":15},"end":{"line":58,"column":1}}},"fnMap":{},"branchMap":{},"s":{"0":0},"f":{},"b":{}}
,"/Users/wennyxiong/Desktop/Path to SDE/Hack Reactor/SEI Projects/FEC/Client/src/StyleComponents/QA_Styles/Modal.jsx": {"path":"/Users/wennyxiong/Desktop/Path to SDE/Hack Reactor/SEI Projects/FEC/Client/src/StyleComponents/QA_Styles/Modal.jsx","statementMap":{"0":{"start":{"line":3,"column":14},"end":{"line":69,"column":1}}},"fnMap":{},"branchMap":{},"s":{"0":0},"f":{},"b":{}}
,"/Users/wennyxiong/Desktop/Path to SDE/Hack Reactor/SEI Projects/FEC/Client/src/StyleComponents/QA_Styles/Style.jsx": {"path":"/Users/wennyxiong/Desktop/Path to SDE/Hack Reactor/SEI Projects/FEC/Client/src/StyleComponents/QA_Styles/Style.jsx","statementMap":{"0":{"start":{"line":4,"column":14},"end":{"line":66,"column":1}}},"fnMap":{},"branchMap":{},"s":{"0":0},"f":{},"b":{}}
,"/Users/wennyxiong/Desktop/Path to SDE/Hack Reactor/SEI Projects/FEC/Client/src/StyleComponents/Ratings_Styles/tobeEdited.jsx": {"path":"/Users/wennyxiong/Desktop/Path to SDE/Hack Reactor/SEI Projects/FEC/Client/src/StyleComponents/Ratings_Styles/tobeEdited.jsx","statementMap":{},"fnMap":{},"branchMap":{},"s":{},"f":{},"b":{}}
,"/Users/wennyxiong/Desktop/Path to SDE/Hack Reactor/SEI Projects/FEC/Client/src/StyleComponents/Related_Styles/dontForgetMe.jsx": {"path":"/Users/wennyxiong/Desktop/Path to SDE/Hack Reactor/SEI Projects/FEC/Client/src/StyleComponents/Related_Styles/dontForgetMe.jsx","statementMap":{},"fnMap":{},"branchMap":{},"s":{},"f":{},"b":{}}
,"/Users/wennyxiong/Desktop/Path to SDE/Hack Reactor/SEI Projects/FEC/Client/src/Widget/Overview/Overview.jsx": {"path":"/Users/wennyxiong/Desktop/Path to SDE/Hack Reactor/SEI Projects/FEC/Client/src/Widget/Overview/Overview.jsx","statementMap":{"0":{"start":{"line":10,"column":17},"end":{"line":60,"column":1}},"1":{"start":{"line":14,"column":30},"end":{"line":14,"column":42}},"2":{"start":{"line":15,"column":36},"end":{"line":15,"column":48}},"3":{"start":{"line":16,"column":34},"end":{"line":16,"column":53}},"4":{"start":{"line":17,"column":46},"end":{"line":17,"column":61}},"5":{"start":{"line":19,"column":20},"end":{"line":26,"column":3}},"6":{"start":{"line":20,"column":4},"end":{"line":25,"column":71}},"7":{"start":{"line":22,"column":8},"end":{"line":22,"column":43}},"8":{"start":{"line":23,"column":8},"end":{"line":23,"column":49}},"9":{"start":{"line":25,"column":22},"end":{"line":25,"column":69}},"10":{"start":{"line":28,"column":2},"end":{"line":31,"column":9}},"11":{"start":{"line":29,"column":4},"end":{"line":29,"column":16}},"12":{"start":{"line":32,"column":2},"end":{"line":59,"column":4}}},"fnMap":{"0":{"name":"(anonymous_0)","decl":{"start":{"line":10,"column":17},"end":{"line":10,"column":18}},"loc":{"start":{"line":12,"column":6},"end":{"line":60,"column":1}},"line":12},"1":{"name":"(anonymous_1)","decl":{"start":{"line":19,"column":20},"end":{"line":19,"column":21}},"loc":{"start":{"line":19,"column":26},"end":{"line":26,"column":3}},"line":19},"2":{"name":"(anonymous_2)","decl":{"start":{"line":21,"column":12},"end":{"line":21,"column":13}},"loc":{"start":{"line":21,"column":28},"end":{"line":24,"column":7}},"line":21},"3":{"name":"(anonymous_3)","decl":{"start":{"line":25,"column":13},"end":{"line":25,"column":14}},"loc":{"start":{"line":25,"column":22},"end":{"line":25,"column":69}},"line":25},"4":{"name":"(anonymous_4)","decl":{"start":{"line":28,"column":12},"end":{"line":28,"column":13}},"loc":{"start":{"line":28,"column":18},"end":{"line":31,"column":3}},"line":28}},"branchMap":{},"s":{"0":0,"1":0,"2":0,"3":0,"4":0,"5":0,"6":0,"7":0,"8":0,"9":0,"10":0,"11":0,"12":0},"f":{"0":0,"1":0,"2":0,"3":0,"4":0},"b":{}}
,"/Users/wennyxiong/Desktop/Path to SDE/Hack Reactor/SEI Projects/FEC/Client/src/Widget/Overview/Components/AddToCart.jsx": {"path":"/Users/wennyxiong/Desktop/Path to SDE/Hack Reactor/SEI Projects/FEC/Client/src/Widget/Overview/Components/AddToCart.jsx","statementMap":{"0":{"start":{"line":5,"column":18},"end":{"line":157,"column":1}},"1":{"start":{"line":6,"column":23},"end":{"line":6,"column":79}},"2":{"start":{"line":7,"column":20},"end":{"line":7,"column":34}},"3":{"start":{"line":9,"column":26},"end":{"line":9,"column":40}},"4":{"start":{"line":10,"column":28},"end":{"line":10,"column":50}},"5":{"start":{"line":11,"column":34},"end":{"line":11,"column":47}},"6":{"start":{"line":12,"column":34},"end":{"line":12,"column":49}},"7":{"start":{"line":13,"column":34},"end":{"line":13,"column":49}},"8":{"start":{"line":15,"column":2},"end":{"line":153,"column":3}},"9":{"start":{"line":16,"column":17},"end":{"line":16,"column":47}},"10":{"start":{"line":19,"column":37},"end":{"line":46,"column":5}},"11":{"start":{"line":20,"column":6},"end":{"line":20,"column":25}},"12":{"start":{"line":22,"column":6},"end":{"line":45,"column":7}},"13":{"start":{"line":23,"column":8},"end":{"line":23,"column":31}},"14":{"start":{"line":24,"column":8},"end":{"line":24,"column":25}},"15":{"start":{"line":26,"column":8},"end":{"line":26,"column":32}},"16":{"start":{"line":27,"column":8},"end":{"line":27,"column":23}},"17":{"start":{"line":29,"column":8},"end":{"line":44,"column":11}},"18":{"start":{"line":30,"column":10},"end":{"line":43,"column":11}},"19":{"start":{"line":31,"column":30},"end":{"line":31,"column":45}},"20":{"start":{"line":32,"column":32},"end":{"line":32,"column":34}},"21":{"start":{"line":34,"column":12},"end":{"line":42,"column":13}},"22":{"start":{"line":35,"column":14},"end":{"line":35,"column":46}},"23":{"start":{"line":37,"column":14},"end":{"line":40,"column":15}},"24":{"start":{"line":38,"column":16},"end":{"line":38,"column":49}},"25":{"start":{"line":39,"column":16},"end":{"line":39,"column":33}},"26":{"start":{"line":41,"column":14},"end":{"line":41,"column":36}},"27":{"start":{"line":48,"column":27},"end":{"line":50,"column":5}},"28":{"start":{"line":49,"column":6},"end":{"line":49,"column":34}},"29":{"start":{"line":53,"column":32},"end":{"line":58,"column":5}},"30":{"start":{"line":54,"column":6},"end":{"line":56,"column":7}},"31":{"start":{"line":55,"column":8},"end":{"line":55,"column":34}},"32":{"start":{"line":57,"column":6},"end":{"line":57,"column":24}},"33":{"start":{"line":60,"column":28},"end":{"line":72,"column":5}},"34":{"start":{"line":61,"column":24},"end":{"line":61,"column":94}},"35":{"start":{"line":63,"column":6},"end":{"line":71,"column":8}},"36":{"start":{"line":74,"column":27},"end":{"line":76,"column":5}},"37":{"start":{"line":75,"column":6},"end":{"line":75,"column":29}},"38":{"start":{"line":78,"column":4},"end":{"line":152,"column":6}},"39":{"start":{"line":99,"column":16},"end":{"line":101,"column":25}},"40":{"start":{"line":115,"column":18},"end":{"line":117,"column":27}},"41":{"start":{"line":120,"column":18},"end":{"line":122,"column":27}},"42":{"start":{"line":154,"column":2},"end":{"line":156,"column":4}}},"fnMap":{"0":{"name":"(anonymous_0)","decl":{"start":{"line":5,"column":18},"end":{"line":5,"column":19}},"loc":{"start":{"line":5,"column":46},"end":{"line":157,"column":1}},"line":5},"1":{"name":"(anonymous_1)","decl":{"start":{"line":19,"column":37},"end":{"line":19,"column":38}},"loc":{"start":{"line":19,"column":44},"end":{"line":46,"column":5}},"line":19},"2":{"name":"(anonymous_2)","decl":{"start":{"line":29,"column":21},"end":{"line":29,"column":22}},"loc":{"start":{"line":29,"column":30},"end":{"line":44,"column":9}},"line":29},"3":{"name":"(anonymous_3)","decl":{"start":{"line":48,"column":27},"end":{"line":48,"column":28}},"loc":{"start":{"line":48,"column":34},"end":{"line":50,"column":5}},"line":48},"4":{"name":"(anonymous_4)","decl":{"start":{"line":53,"column":32},"end":{"line":53,"column":33}},"loc":{"start":{"line":53,"column":38},"end":{"line":58,"column":5}},"line":53},"5":{"name":"(anonymous_5)","decl":{"start":{"line":60,"column":28},"end":{"line":60,"column":29}},"loc":{"start":{"line":60,"column":34},"end":{"line":72,"column":5}},"line":60},"6":{"name":"(anonymous_6)","decl":{"start":{"line":74,"column":27},"end":{"line":74,"column":28}},"loc":{"start":{"line":74,"column":33},"end":{"line":76,"column":5}},"line":74},"7":{"name":"(anonymous_7)","decl":{"start":{"line":98,"column":25},"end":{"line":98,"column":26}},"loc":{"start":{"line":99,"column":16},"end":{"line":101,"column":25}},"line":99},"8":{"name":"(anonymous_8)","decl":{"start":{"line":114,"column":28},"end":{"line":114,"column":29}},"loc":{"start":{"line":115,"column":18},"end":{"line":117,"column":27}},"line":115},"9":{"name":"(anonymous_9)","decl":{"start":{"line":119,"column":28},"end":{"line":119,"column":29}},"loc":{"start":{"line":120,"column":18},"end":{"line":122,"column":27}},"line":120}},"branchMap":{"0":{"loc":{"start":{"line":15,"column":2},"end":{"line":153,"column":3}},"type":"if","locations":[{"start":{"line":15,"column":2},"end":{"line":153,"column":3}},{"start":{},"end":{}}],"line":15},"1":{"loc":{"start":{"line":22,"column":6},"end":{"line":45,"column":7}},"type":"if","locations":[{"start":{"line":22,"column":6},"end":{"line":45,"column":7}},{"start":{"line":25,"column":13},"end":{"line":45,"column":7}}],"line":22},"2":{"loc":{"start":{"line":30,"column":10},"end":{"line":43,"column":11}},"type":"if","locations":[{"start":{"line":30,"column":10},"end":{"line":43,"column":11}},{"start":{},"end":{}}],"line":30},"3":{"loc":{"start":{"line":34,"column":12},"end":{"line":42,"column":13}},"type":"if","locations":[{"start":{"line":34,"column":12},"end":{"line":42,"column":13}},{"start":{"line":36,"column":19},"end":{"line":42,"column":13}}],"line":34},"4":{"loc":{"start":{"line":54,"column":6},"end":{"line":56,"column":7}},"type":"if","locations":[{"start":{"line":54,"column":6},"end":{"line":56,"column":7}},{"start":{},"end":{}}],"line":54},"5":{"loc":{"start":{"line":61,"column":24},"end":{"line":61,"column":94}},"type":"cond-expr","locations":[{"start":{"line":61,"column":47},"end":{"line":61,"column":67}},{"start":{"line":61,"column":70},"end":{"line":61,"column":94}}],"line":61},"6":{"loc":{"start":{"line":80,"column":9},"end":{"line":84,"column":9}},"type":"binary-expr","locations":[{"start":{"line":80,"column":9},"end":{"line":80,"column":17}},{"start":{"line":81,"column":10},"end":{"line":83,"column":20}}],"line":80},"7":{"loc":{"start":{"line":85,"column":9},"end":{"line":104,"column":11}},"type":"cond-expr","locations":[{"start":{"line":87,"column":12},"end":{"line":89,"column":29}},{"start":{"line":92,"column":12},"end":{"line":103,"column":29}}],"line":85},"8":{"loc":{"start":{"line":106,"column":10},"end":{"line":125,"column":11}},"type":"cond-expr","locations":[{"start":{"line":108,"column":12},"end":{"line":110,"column":33}},{"start":{"line":112,"column":12},"end":{"line":124,"column":33}}],"line":106},"9":{"loc":{"start":{"line":113,"column":16},"end":{"line":123,"column":18}},"type":"cond-expr","locations":[{"start":{"line":114,"column":18},"end":{"line":118,"column":18}},{"start":{"line":119,"column":18},"end":{"line":123,"column":18}}],"line":113},"10":{"loc":{"start":{"line":128,"column":12},"end":{"line":138,"column":13}},"type":"cond-expr","locations":[{"start":{"line":130,"column":14},"end":{"line":132,"column":29}},{"start":{"line":135,"column":14},"end":{"line":137,"column":29}}],"line":128},"11":{"loc":{"start":{"line":128,"column":12},"end":{"line":128,"column":51}},"type":"binary-expr","locations":[{"start":{"line":128,"column":12},"end":{"line":128,"column":25}},{"start":{"line":128,"column":29},"end":{"line":128,"column":51}}],"line":128},"12":{"loc":{"start":{"line":140,"column":11},"end":{"line":148,"column":11}},"type":"cond-expr","locations":[{"start":{"line":141,"column":12},"end":{"line":143,"column":33}},{"start":{"line":145,"column":12},"end":{"line":147,"column":33}}],"line":140}},"s":{"0":0,"1":0,"2":0,"3":0,"4":0,"5":0,"6":0,"7":0,"8":0,"9":0,"10":0,"11":0,"12":0,"13":0,"14":0,"15":0,"16":0,"17":0,"18":0,"19":0,"20":0,"21":0,"22":0,"23":0,"24":0,"25":0,"26":0,"27":0,"28":0,"29":0,"30":0,"31":0,"32":0,"33":0,"34":0,"35":0,"36":0,"37":0,"38":0,"39":0,"40":0,"41":0,"42":0},"f":{"0":0,"1":0,"2":0,"3":0,"4":0,"5":0,"6":0,"7":0,"8":0,"9":0},"b":{"0":[0,0],"1":[0,0],"2":[0,0],"3":[0,0],"4":[0,0],"5":[0,0],"6":[0,0],"7":[0,0],"8":[0,0],"9":[0,0],"10":[0,0],"11":[0,0],"12":[0,0]}}
,"/Users/wennyxiong/Desktop/Path to SDE/Hack Reactor/SEI Projects/FEC/Client/src/Widget/Overview/Components/ImageGallery.jsx": {"path":"/Users/wennyxiong/Desktop/Path to SDE/Hack Reactor/SEI Projects/FEC/Client/src/Widget/Overview/Components/ImageGallery.jsx","statementMap":{"0":{"start":{"line":6,"column":21},"end":{"line":184,"column":1}},"1":{"start":{"line":7,"column":38},"end":{"line":7,"column":50}},"2":{"start":{"line":8,"column":38},"end":{"line":8,"column":50}},"3":{"start":{"line":9,"column":36},"end":{"line":9,"column":47}},"4":{"start":{"line":10,"column":36},"end":{"line":10,"column":48}},"5":{"start":{"line":11,"column":42},"end":{"line":11,"column":57}},"6":{"start":{"line":12,"column":44},"end":{"line":15,"column":4}},"7":{"start":{"line":17,"column":2},"end":{"line":37,"column":18}},"8":{"start":{"line":18,"column":4},"end":{"line":36,"column":5}},"9":{"start":{"line":19,"column":22},"end":{"line":19,"column":24}},"10":{"start":{"line":20,"column":27},"end":{"line":20,"column":29}},"11":{"start":{"line":21,"column":6},"end":{"line":35,"column":7}},"12":{"start":{"line":22,"column":8},"end":{"line":22,"column":30}},"13":{"start":{"line":24,"column":8},"end":{"line":31,"column":11}},"14":{"start":{"line":25,"column":10},"end":{"line":25,"column":37}},"15":{"start":{"line":26,"column":10},"end":{"line":30,"column":11}},"16":{"start":{"line":27,"column":12},"end":{"line":27,"column":63}},"17":{"start":{"line":29,"column":12},"end":{"line":29,"column":54}},"18":{"start":{"line":32,"column":8},"end":{"line":32,"column":31}},"19":{"start":{"line":33,"column":8},"end":{"line":33,"column":36}},"20":{"start":{"line":34,"column":8},"end":{"line":34,"column":47}},"21":{"start":{"line":40,"column":24},"end":{"line":48,"column":3}},"22":{"start":{"line":41,"column":21},"end":{"line":41,"column":34}},"23":{"start":{"line":42,"column":4},"end":{"line":46,"column":5}},"24":{"start":{"line":43,"column":6},"end":{"line":43,"column":43}},"25":{"start":{"line":44,"column":11},"end":{"line":46,"column":5}},"26":{"start":{"line":45,"column":6},"end":{"line":45,"column":44}},"27":{"start":{"line":47,"column":4},"end":{"line":47,"column":27}},"28":{"start":{"line":49,"column":24},"end":{"line":57,"column":3}},"29":{"start":{"line":50,"column":21},"end":{"line":50,"column":34}},"30":{"start":{"line":51,"column":4},"end":{"line":55,"column":5}},"31":{"start":{"line":52,"column":6},"end":{"line":52,"column":43}},"32":{"start":{"line":53,"column":11},"end":{"line":55,"column":5}},"33":{"start":{"line":54,"column":6},"end":{"line":54,"column":44}},"34":{"start":{"line":56,"column":4},"end":{"line":56,"column":27}},"35":{"start":{"line":58,"column":27},"end":{"line":60,"column":3}},"36":{"start":{"line":59,"column":4},"end":{"line":59,"column":42}},"37":{"start":{"line":61,"column":27},"end":{"line":63,"column":3}},"38":{"start":{"line":62,"column":4},"end":{"line":62,"column":41}},"39":{"start":{"line":65,"column":26},"end":{"line":68,"column":3}},"40":{"start":{"line":66,"column":21},"end":{"line":66,"column":50}},"41":{"start":{"line":67,"column":4},"end":{"line":67,"column":27}},"42":{"start":{"line":71,"column":25},"end":{"line":74,"column":3}},"43":{"start":{"line":72,"column":4},"end":{"line":72,"column":27}},"44":{"start":{"line":75,"column":24},"end":{"line":78,"column":3}},"45":{"start":{"line":76,"column":4},"end":{"line":76,"column":28}},"46":{"start":{"line":79,"column":22},"end":{"line":83,"column":3}},"47":{"start":{"line":80,"column":4},"end":{"line":80,"column":26}},"48":{"start":{"line":81,"column":4},"end":{"line":81,"column":49}},"49":{"start":{"line":86,"column":25},"end":{"line":91,"column":3}},"50":{"start":{"line":87,"column":17},"end":{"line":87,"column":24}},"51":{"start":{"line":88,"column":17},"end":{"line":88,"column":24}},"52":{"start":{"line":89,"column":4},"end":{"line":89,"column":43}},"53":{"start":{"line":93,"column":2},"end":{"line":181,"column":3}},"54":{"start":{"line":94,"column":4},"end":{"line":180,"column":6}},"55":{"start":{"line":144,"column":30},"end":{"line":144,"column":44}},"56":{"start":{"line":170,"column":36},"end":{"line":170,"column":53}},"57":{"start":{"line":183,"column":2},"end":{"line":183,"column":44}}},"fnMap":{"0":{"name":"(anonymous_0)","decl":{"start":{"line":6,"column":21},"end":{"line":6,"column":22}},"loc":{"start":{"line":6,"column":63},"end":{"line":184,"column":1}},"line":6},"1":{"name":"(anonymous_1)","decl":{"start":{"line":17,"column":12},"end":{"line":17,"column":13}},"loc":{"start":{"line":17,"column":18},"end":{"line":37,"column":3}},"line":17},"2":{"name":"(anonymous_2)","decl":{"start":{"line":24,"column":33},"end":{"line":24,"column":34}},"loc":{"start":{"line":24,"column":47},"end":{"line":31,"column":9}},"line":24},"3":{"name":"(anonymous_3)","decl":{"start":{"line":40,"column":24},"end":{"line":40,"column":25}},"loc":{"start":{"line":40,"column":30},"end":{"line":48,"column":3}},"line":40},"4":{"name":"(anonymous_4)","decl":{"start":{"line":49,"column":24},"end":{"line":49,"column":25}},"loc":{"start":{"line":49,"column":30},"end":{"line":57,"column":3}},"line":49},"5":{"name":"(anonymous_5)","decl":{"start":{"line":58,"column":27},"end":{"line":58,"column":28}},"loc":{"start":{"line":58,"column":33},"end":{"line":60,"column":3}},"line":58},"6":{"name":"(anonymous_6)","decl":{"start":{"line":61,"column":27},"end":{"line":61,"column":28}},"loc":{"start":{"line":61,"column":33},"end":{"line":63,"column":3}},"line":61},"7":{"name":"(anonymous_7)","decl":{"start":{"line":65,"column":26},"end":{"line":65,"column":27}},"loc":{"start":{"line":65,"column":41},"end":{"line":68,"column":3}},"line":65},"8":{"name":"(anonymous_8)","decl":{"start":{"line":71,"column":25},"end":{"line":71,"column":26}},"loc":{"start":{"line":71,"column":31},"end":{"line":74,"column":3}},"line":71},"9":{"name":"(anonymous_9)","decl":{"start":{"line":75,"column":24},"end":{"line":75,"column":25}},"loc":{"start":{"line":75,"column":30},"end":{"line":78,"column":3}},"line":75},"10":{"name":"(anonymous_10)","decl":{"start":{"line":79,"column":22},"end":{"line":79,"column":23}},"loc":{"start":{"line":79,"column":29},"end":{"line":83,"column":3}},"line":79},"11":{"name":"(anonymous_11)","decl":{"start":{"line":86,"column":25},"end":{"line":86,"column":26}},"loc":{"start":{"line":86,"column":32},"end":{"line":91,"column":3}},"line":86},"12":{"name":"(anonymous_12)","decl":{"start":{"line":144,"column":23},"end":{"line":144,"column":24}},"loc":{"start":{"line":144,"column":30},"end":{"line":144,"column":44}},"line":144},"13":{"name":"(anonymous_13)","decl":{"start":{"line":170,"column":29},"end":{"line":170,"column":30}},"loc":{"start":{"line":170,"column":36},"end":{"line":170,"column":53}},"line":170}},"branchMap":{"0":{"loc":{"start":{"line":18,"column":4},"end":{"line":36,"column":5}},"type":"if","locations":[{"start":{"line":18,"column":4},"end":{"line":36,"column":5}},{"start":{},"end":{}}],"line":18},"1":{"loc":{"start":{"line":21,"column":6},"end":{"line":35,"column":7}},"type":"if","locations":[{"start":{"line":21,"column":6},"end":{"line":35,"column":7}},{"start":{"line":23,"column":13},"end":{"line":35,"column":7}}],"line":21},"2":{"loc":{"start":{"line":21,"column":10},"end":{"line":21,"column":75}},"type":"binary-expr","locations":[{"start":{"line":21,"column":10},"end":{"line":21,"column":39}},{"start":{"line":21,"column":43},"end":{"line":21,"column":75}}],"line":21},"3":{"loc":{"start":{"line":26,"column":10},"end":{"line":30,"column":11}},"type":"if","locations":[{"start":{"line":26,"column":10},"end":{"line":30,"column":11}},{"start":{"line":28,"column":17},"end":{"line":30,"column":11}}],"line":26},"4":{"loc":{"start":{"line":42,"column":4},"end":{"line":46,"column":5}},"type":"if","locations":[{"start":{"line":42,"column":4},"end":{"line":46,"column":5}},{"start":{"line":44,"column":11},"end":{"line":46,"column":5}}],"line":42},"5":{"loc":{"start":{"line":42,"column":8},"end":{"line":42,"column":39}},"type":"binary-expr","locations":[{"start":{"line":42,"column":8},"end":{"line":42,"column":22}},{"start":{"line":42,"column":26},"end":{"line":42,"column":39}}],"line":42},"6":{"loc":{"start":{"line":44,"column":11},"end":{"line":46,"column":5}},"type":"if","locations":[{"start":{"line":44,"column":11},"end":{"line":46,"column":5}},{"start":{},"end":{}}],"line":44},"7":{"loc":{"start":{"line":44,"column":15},"end":{"line":44,"column":47}},"type":"binary-expr","locations":[{"start":{"line":44,"column":15},"end":{"line":44,"column":29}},{"start":{"line":44,"column":33},"end":{"line":44,"column":47}}],"line":44},"8":{"loc":{"start":{"line":51,"column":4},"end":{"line":55,"column":5}},"type":"if","locations":[{"start":{"line":51,"column":4},"end":{"line":55,"column":5}},{"start":{"line":53,"column":11},"end":{"line":55,"column":5}}],"line":51},"9":{"loc":{"start":{"line":51,"column":8},"end":{"line":51,"column":40}},"type":"binary-expr","locations":[{"start":{"line":51,"column":8},"end":{"line":51,"column":22}},{"start":{"line":51,"column":26},"end":{"line":51,"column":40}}],"line":51},"10":{"loc":{"start":{"line":53,"column":11},"end":{"line":55,"column":5}},"type":"if","locations":[{"start":{"line":53,"column":11},"end":{"line":55,"column":5}},{"start":{},"end":{}}],"line":53},"11":{"loc":{"start":{"line":53,"column":15},"end":{"line":53,"column":46}},"type":"binary-expr","locations":[{"start":{"line":53,"column":15},"end":{"line":53,"column":28}},{"start":{"line":53,"column":32},"end":{"line":53,"column":46}}],"line":53},"12":{"loc":{"start":{"line":93,"column":2},"end":{"line":181,"column":3}},"type":"if","locations":[{"start":{"line":93,"column":2},"end":{"line":181,"column":3}},{"start":{},"end":{}}],"line":93},"13":{"loc":{"start":{"line":93,"column":6},"end":{"line":93,"column":50}},"type":"binary-expr","locations":[{"start":{"line":93,"column":6},"end":{"line":93,"column":24}},{"start":{"line":93,"column":28},"end":{"line":93,"column":50}}],"line":93},"14":{"loc":{"start":{"line":96,"column":9},"end":{"line":125,"column":9}},"type":"binary-expr","locations":[{"start":{"line":96,"column":9},"end":{"line":96,"column":31}},{"start":{"line":97,"column":10},"end":{"line":124,"column":43}}],"line":96},"15":{"loc":{"start":{"line":110,"column":15},"end":{"line":111,"column":74}},"type":"cond-expr","locations":[{"start":{"line":110,"column":33},"end":{"line":110,"column":37}},{"start":{"line":111,"column":18},"end":{"line":111,"column":74}}],"line":110},"16":{"loc":{"start":{"line":120,"column":15},"end":{"line":121,"column":74}},"type":"cond-expr","locations":[{"start":{"line":120,"column":53},"end":{"line":120,"column":57}},{"start":{"line":121,"column":18},"end":{"line":121,"column":74}}],"line":120},"17":{"loc":{"start":{"line":127,"column":9},"end":{"line":153,"column":9}},"type":"binary-expr","locations":[{"start":{"line":127,"column":9},"end":{"line":127,"column":32}},{"start":{"line":128,"column":10},"end":{"line":152,"column":43}}],"line":127},"18":{"loc":{"start":{"line":137,"column":15},"end":{"line":138,"column":74}},"type":"cond-expr","locations":[{"start":{"line":137,"column":33},"end":{"line":137,"column":37}},{"start":{"line":138,"column":18},"end":{"line":138,"column":74}}],"line":137},"19":{"loc":{"start":{"line":148,"column":15},"end":{"line":149,"column":74}},"type":"cond-expr","locations":[{"start":{"line":148,"column":53},"end":{"line":148,"column":57}},{"start":{"line":149,"column":18},"end":{"line":149,"column":74}}],"line":148},"20":{"loc":{"start":{"line":155,"column":9},"end":{"line":178,"column":9}},"type":"binary-expr","locations":[{"start":{"line":155,"column":9},"end":{"line":155,"column":30}},{"start":{"line":156,"column":10},"end":{"line":177,"column":43}}],"line":155}},"s":{"0":0,"1":0,"2":0,"3":0,"4":0,"5":0,"6":0,"7":0,"8":0,"9":0,"10":0,"11":0,"12":0,"13":0,"14":0,"15":0,"16":0,"17":0,"18":0,"19":0,"20":0,"21":0,"22":0,"23":0,"24":0,"25":0,"26":0,"27":0,"28":0,"29":0,"30":0,"31":0,"32":0,"33":0,"34":0,"35":0,"36":0,"37":0,"38":0,"39":0,"40":0,"41":0,"42":0,"43":0,"44":0,"45":0,"46":0,"47":0,"48":0,"49":0,"50":0,"51":0,"52":0,"53":0,"54":0,"55":0,"56":0,"57":0},"f":{"0":0,"1":0,"2":0,"3":0,"4":0,"5":0,"6":0,"7":0,"8":0,"9":0,"10":0,"11":0,"12":0,"13":0},"b":{"0":[0,0],"1":[0,0],"2":[0,0],"3":[0,0],"4":[0,0],"5":[0,0],"6":[0,0],"7":[0,0],"8":[0,0],"9":[0,0],"10":[0,0],"11":[0,0],"12":[0,0],"13":[0,0],"14":[0,0],"15":[0,0],"16":[0,0],"17":[0,0],"18":[0,0],"19":[0,0],"20":[0,0]}}
,"/Users/wennyxiong/Desktop/Path to SDE/Hack Reactor/SEI Projects/FEC/Client/src/Widget/Overview/Components/ProductAdditionalInfo.jsx": {"path":"/Users/wennyxiong/Desktop/Path to SDE/Hack Reactor/SEI Projects/FEC/Client/src/Widget/Overview/Components/ProductAdditionalInfo.jsx","statementMap":{"0":{"start":{"line":6,"column":30},"end":{"line":36,"column":1}},"1":{"start":{"line":7,"column":2},"end":{"line":30,"column":3}},"2":{"start":{"line":8,"column":4},"end":{"line":29,"column":6}},"3":{"start":{"line":16,"column":12},"end":{"line":21,"column":17}},"4":{"start":{"line":31,"column":2},"end":{"line":35,"column":4}}},"fnMap":{"0":{"name":"(anonymous_0)","decl":{"start":{"line":6,"column":30},"end":{"line":6,"column":31}},"loc":{"start":{"line":6,"column":58},"end":{"line":36,"column":1}},"line":6},"1":{"name":"(anonymous_1)","decl":{"start":{"line":15,"column":32},"end":{"line":15,"column":33}},"loc":{"start":{"line":16,"column":12},"end":{"line":21,"column":17}},"line":16}},"branchMap":{"0":{"loc":{"start":{"line":7,"column":2},"end":{"line":30,"column":3}},"type":"if","locations":[{"start":{"line":7,"column":2},"end":{"line":30,"column":3}},{"start":{},"end":{}}],"line":7}},"s":{"0":0,"1":0,"2":0,"3":0,"4":0},"f":{"0":0,"1":0},"b":{"0":[0,0]}}
,"/Users/wennyxiong/Desktop/Path to SDE/Hack Reactor/SEI Projects/FEC/Client/src/Widget/Overview/Components/ProductInfo.jsx": {"path":"/Users/wennyxiong/Desktop/Path to SDE/Hack Reactor/SEI Projects/FEC/Client/src/Widget/Overview/Components/ProductInfo.jsx","statementMap":{"0":{"start":{"line":9,"column":20},"end":{"line":129,"column":1}},"1":{"start":{"line":12,"column":21},"end":{"line":12,"column":22}},"2":{"start":{"line":14,"column":22},"end":{"line":14,"column":24}},"3":{"start":{"line":17,"column":2},"end":{"line":49,"column":3}},"4":{"start":{"line":21,"column":23},"end":{"line":21,"column":24}},"5":{"start":{"line":23,"column":4},"end":{"line":25,"column":7}},"6":{"start":{"line":24,"column":6},"end":{"line":24,"column":36}},"7":{"start":{"line":26,"column":24},"end":{"line":26,"column":68}},"8":{"start":{"line":30,"column":4},"end":{"line":45,"column":5}},"9":{"start":{"line":31,"column":6},"end":{"line":43,"column":7}},"10":{"start":{"line":32,"column":8},"end":{"line":40,"column":9}},"11":{"start":{"line":33,"column":10},"end":{"line":33,"column":33}},"12":{"start":{"line":34,"column":15},"end":{"line":40,"column":9}},"13":{"start":{"line":35,"column":10},"end":{"line":35,"column":34}},"14":{"start":{"line":36,"column":15},"end":{"line":40,"column":9}},"15":{"start":{"line":37,"column":10},"end":{"line":37,"column":34}},"16":{"start":{"line":38,"column":15},"end":{"line":40,"column":9}},"17":{"start":{"line":39,"column":10},"end":{"line":39,"column":34}},"18":{"start":{"line":42,"column":8},"end":{"line":42,"column":33}},"19":{"start":{"line":44,"column":6},"end":{"line":44,"column":25}},"20":{"start":{"line":46,"column":4},"end":{"line":48,"column":5}},"21":{"start":{"line":47,"column":6},"end":{"line":47,"column":29}},"22":{"start":{"line":51,"column":2},"end":{"line":127,"column":3}},"23":{"start":{"line":52,"column":4},"end":{"line":126,"column":6}},"24":{"start":{"line":75,"column":20},"end":{"line":88,"column":26}},"25":{"start":{"line":128,"column":2},"end":{"line":128,"column":14}}},"fnMap":{"0":{"name":"(anonymous_0)","decl":{"start":{"line":9,"column":20},"end":{"line":9,"column":21}},"loc":{"start":{"line":11,"column":6},"end":{"line":129,"column":1}},"line":11},"1":{"name":"(anonymous_1)","decl":{"start":{"line":23,"column":35},"end":{"line":23,"column":36}},"loc":{"start":{"line":23,"column":47},"end":{"line":25,"column":5}},"line":23},"2":{"name":"(anonymous_2)","decl":{"start":{"line":74,"column":35},"end":{"line":74,"column":36}},"loc":{"start":{"line":75,"column":20},"end":{"line":88,"column":26}},"line":75}},"branchMap":{"0":{"loc":{"start":{"line":17,"column":2},"end":{"line":49,"column":3}},"type":"if","locations":[{"start":{"line":17,"column":2},"end":{"line":49,"column":3}},{"start":{},"end":{}}],"line":17},"1":{"loc":{"start":{"line":31,"column":6},"end":{"line":43,"column":7}},"type":"if","locations":[{"start":{"line":31,"column":6},"end":{"line":43,"column":7}},{"start":{"line":41,"column":13},"end":{"line":43,"column":7}}],"line":31},"2":{"loc":{"start":{"line":32,"column":8},"end":{"line":40,"column":9}},"type":"if","locations":[{"start":{"line":32,"column":8},"end":{"line":40,"column":9}},{"start":{"line":34,"column":15},"end":{"line":40,"column":9}}],"line":32},"3":{"loc":{"start":{"line":34,"column":15},"end":{"line":40,"column":9}},"type":"if","locations":[{"start":{"line":34,"column":15},"end":{"line":40,"column":9}},{"start":{"line":36,"column":15},"end":{"line":40,"column":9}}],"line":34},"4":{"loc":{"start":{"line":34,"column":19},"end":{"line":34,"column":62}},"type":"binary-expr","locations":[{"start":{"line":34,"column":19},"end":{"line":34,"column":39}},{"start":{"line":34,"column":43},"end":{"line":34,"column":62}}],"line":34},"5":{"loc":{"start":{"line":36,"column":15},"end":{"line":40,"column":9}},"type":"if","locations":[{"start":{"line":36,"column":15},"end":{"line":40,"column":9}},{"start":{"line":38,"column":15},"end":{"line":40,"column":9}}],"line":36},"6":{"loc":{"start":{"line":36,"column":19},"end":{"line":36,"column":63}},"type":"binary-expr","locations":[{"start":{"line":36,"column":19},"end":{"line":36,"column":39}},{"start":{"line":36,"column":43},"end":{"line":36,"column":63}}],"line":36},"7":{"loc":{"start":{"line":38,"column":15},"end":{"line":40,"column":9}},"type":"if","locations":[{"start":{"line":38,"column":15},"end":{"line":40,"column":9}},{"start":{},"end":{}}],"line":38},"8":{"loc":{"start":{"line":51,"column":2},"end":{"line":127,"column":3}},"type":"if","locations":[{"start":{"line":51,"column":2},"end":{"line":127,"column":3}},{"start":{},"end":{}}],"line":51},"9":{"loc":{"start":{"line":57,"column":11},"end":{"line":97,"column":13}},"type":"cond-expr","locations":[{"start":{"line":59,"column":14},"end":{"line":62,"column":23}},{"start":{"line":65,"column":14},"end":{"line":96,"column":23}}],"line":57},"10":{"loc":{"start":{"line":106,"column":9},"end":{"line":111,"column":9}},"type":"binary-expr","locations":[{"start":{"line":106,"column":9},"end":{"line":106,"column":38}},{"start":{"line":107,"column":10},"end":{"line":110,"column":21}}],"line":106},"11":{"loc":{"start":{"line":112,"column":9},"end":{"line":123,"column":9}},"type":"binary-expr","locations":[{"start":{"line":112,"column":9},"end":{"line":112,"column":38}},{"start":{"line":113,"column":10},"end":{"line":122,"column":16}}],"line":112}},"s":{"0":0,"1":0,"2":0,"3":0,"4":0,"5":0,"6":0,"7":0,"8":0,"9":0,"10":0,"11":0,"12":0,"13":0,"14":0,"15":0,"16":0,"17":0,"18":0,"19":0,"20":0,"21":0,"22":0,"23":0,"24":0,"25":0},"f":{"0":0,"1":0,"2":0},"b":{"0":[0,0],"1":[0,0],"2":[0,0],"3":[0,0],"4":[0,0],"5":[0,0],"6":[0,0],"7":[0,0],"8":[0,0],"9":[0,0],"10":[0,0],"11":[0,0]}}
,"/Users/wennyxiong/Desktop/Path to SDE/Hack Reactor/SEI Projects/FEC/Client/src/Widget/Overview/Components/SocialMedia.jsx": {"path":"/Users/wennyxiong/Desktop/Path to SDE/Hack Reactor/SEI Projects/FEC/Client/src/Widget/Overview/Components/SocialMedia.jsx","statementMap":{"0":{"start":{"line":7,"column":20},"end":{"line":61,"column":1}},"1":{"start":{"line":8,"column":14},"end":{"line":8,"column":30}},"2":{"start":{"line":10,"column":2},"end":{"line":55,"column":3}},"3":{"start":{"line":11,"column":4},"end":{"line":54,"column":6}},"4":{"start":{"line":56,"column":2},"end":{"line":60,"column":4}}},"fnMap":{"0":{"name":"(anonymous_0)","decl":{"start":{"line":7,"column":20},"end":{"line":7,"column":21}},"loc":{"start":{"line":7,"column":48},"end":{"line":61,"column":1}},"line":7}},"branchMap":{"0":{"loc":{"start":{"line":10,"column":2},"end":{"line":55,"column":3}},"type":"if","locations":[{"start":{"line":10,"column":2},"end":{"line":55,"column":3}},{"start":{},"end":{}}],"line":10}},"s":{"0":0,"1":0,"2":0,"3":0,"4":0},"f":{"0":0},"b":{"0":[0,0]}}
,"/Users/wennyxiong/Desktop/Path to SDE/Hack Reactor/SEI Projects/FEC/Client/src/Widget/Overview/Components/StyleSelector.jsx": {"path":"/Users/wennyxiong/Desktop/Path to SDE/Hack Reactor/SEI Projects/FEC/Client/src/Widget/Overview/Components/StyleSelector.jsx","statementMap":{"0":{"start":{"line":5,"column":22},"end":{"line":32,"column":1}},"1":{"start":{"line":8,"column":3},"end":{"line":30,"column":3}},"2":{"start":{"line":19,"column":8},"end":{"line":26,"column":10}},"3":{"start":{"line":24,"column":12},"end":{"line":24,"column":32}}},"fnMap":{"0":{"name":"(anonymous_0)","decl":{"start":{"line":5,"column":22},"end":{"line":5,"column":23}},"loc":{"start":{"line":8,"column":3},"end":{"line":30,"column":3}},"line":8},"1":{"name":"(anonymous_1)","decl":{"start":{"line":18,"column":18},"end":{"line":18,"column":19}},"loc":{"start":{"line":19,"column":8},"end":{"line":26,"column":10}},"line":19},"2":{"name":"(anonymous_2)","decl":{"start":{"line":23,"column":19},"end":{"line":23,"column":20}},"loc":{"start":{"line":23,"column":25},"end":{"line":25,"column":11}},"line":23}},"branchMap":{"0":{"loc":{"start":{"line":8,"column":3},"end":{"line":30,"column":3}},"type":"binary-expr","locations":[{"start":{"line":8,"column":3},"end":{"line":8,"column":25}},{"start":{"line":9,"column":2},"end":{"line":29,"column":36}}],"line":8}},"s":{"0":0,"1":0,"2":0,"3":0},"f":{"0":0,"1":0,"2":0},"b":{"0":[0,0]}}
,"/Users/wennyxiong/Desktop/Path to SDE/Hack Reactor/SEI Projects/FEC/Client/src/Widget/Overview/Components/ThumbnailSection.jsx": {"path":"/Users/wennyxiong/Desktop/Path to SDE/Hack Reactor/SEI Projects/FEC/Client/src/Widget/Overview/Components/ThumbnailSection.jsx","statementMap":{"0":{"start":{"line":5,"column":25},"end":{"line":57,"column":1}},"1":{"start":{"line":8,"column":27},"end":{"line":10,"column":3}},"2":{"start":{"line":9,"column":4},"end":{"line":9,"column":42}},"3":{"start":{"line":11,"column":27},"end":{"line":13,"column":3}},"4":{"start":{"line":12,"column":4},"end":{"line":12,"column":41}},"5":{"start":{"line":15,"column":26},"end":{"line":18,"column":3}},"6":{"start":{"line":16,"column":21},"end":{"line":16,"column":50}},"7":{"start":{"line":17,"column":4},"end":{"line":17,"column":27}},"8":{"start":{"line":20,"column":2},"end":{"line":55,"column":3}},"9":{"start":{"line":21,"column":4},"end":{"line":54,"column":6}},"10":{"start":{"line":28,"column":10},"end":{"line":41,"column":11}},"11":{"start":{"line":29,"column":12},"end":{"line":40,"column":14}},"12":{"start":{"line":42,"column":10},"end":{"line":49,"column":12}},"13":{"start":{"line":47,"column":29},"end":{"line":47,"column":55}},"14":{"start":{"line":56,"column":2},"end":{"line":56,"column":41}}},"fnMap":{"0":{"name":"(anonymous_0)","decl":{"start":{"line":5,"column":25},"end":{"line":5,"column":26}},"loc":{"start":{"line":7,"column":6},"end":{"line":57,"column":1}},"line":7},"1":{"name":"(anonymous_1)","decl":{"start":{"line":8,"column":27},"end":{"line":8,"column":28}},"loc":{"start":{"line":8,"column":33},"end":{"line":10,"column":3}},"line":8},"2":{"name":"(anonymous_2)","decl":{"start":{"line":11,"column":27},"end":{"line":11,"column":28}},"loc":{"start":{"line":11,"column":33},"end":{"line":13,"column":3}},"line":11},"3":{"name":"(anonymous_3)","decl":{"start":{"line":15,"column":26},"end":{"line":15,"column":27}},"loc":{"start":{"line":15,"column":41},"end":{"line":18,"column":3}},"line":15},"4":{"name":"(anonymous_4)","decl":{"start":{"line":27,"column":23},"end":{"line":27,"column":24}},"loc":{"start":{"line":27,"column":38},"end":{"line":50,"column":9}},"line":27},"5":{"name":"(anonymous_5)","decl":{"start":{"line":47,"column":23},"end":{"line":47,"column":24}},"loc":{"start":{"line":47,"column":29},"end":{"line":47,"column":55}},"line":47}},"branchMap":{"0":{"loc":{"start":{"line":20,"column":2},"end":{"line":55,"column":3}},"type":"if","locations":[{"start":{"line":20,"column":2},"end":{"line":55,"column":3}},{"start":{},"end":{}}],"line":20},"1":{"loc":{"start":{"line":23,"column":9},"end":{"line":25,"column":71}},"type":"cond-expr","locations":[{"start":{"line":24,"column":12},"end":{"line":24,"column":73}},{"start":{"line":25,"column":12},"end":{"line":25,"column":71}}],"line":23},"2":{"loc":{"start":{"line":28,"column":10},"end":{"line":41,"column":11}},"type":"if","locations":[{"start":{"line":28,"column":10},"end":{"line":41,"column":11}},{"start":{},"end":{}}],"line":28},"3":{"loc":{"start":{"line":51,"column":9},"end":{"line":52,"column":75}},"type":"cond-expr","locations":[{"start":{"line":51,"column":70},"end":{"line":51,"column":74}},{"start":{"line":52,"column":12},"end":{"line":52,"column":75}}],"line":51},"4":{"loc":{"start":{"line":51,"column":10},"end":{"line":51,"column":66}},"type":"binary-expr","locations":[{"start":{"line":51,"column":10},"end":{"line":51,"column":32}},{"start":{"line":51,"column":36},"end":{"line":51,"column":66}}],"line":51}},"s":{"0":0,"1":0,"2":0,"3":0,"4":0,"5":0,"6":0,"7":0,"8":0,"9":0,"10":0,"11":0,"12":0,"13":0,"14":0},"f":{"0":0,"1":0,"2":0,"3":0,"4":0,"5":0},"b":{"0":[0,0],"1":[0,0],"2":[0,0],"3":[0,0],"4":[0,0]}}
,"/Users/wennyxiong/Desktop/Path to SDE/Hack Reactor/SEI Projects/FEC/Client/src/Widget/Q&A/Q&A.jsx": {"path":"/Users/wennyxiong/Desktop/Path to SDE/Hack Reactor/SEI Projects/FEC/Client/src/Widget/Q&A/Q&A.jsx","statementMap":{"0":{"start":{"line":7,"column":12},"end":{"line":86,"column":1}},"1":{"start":{"line":8,"column":22},"end":{"line":8,"column":34}},"2":{"start":{"line":9,"column":22},"end":{"line":9,"column":39}},"3":{"start":{"line":11,"column":16},"end":{"line":26,"column":3}},"4":{"start":{"line":12,"column":4},"end":{"line":25,"column":9}},"5":{"start":{"line":18,"column":32},"end":{"line":20,"column":10}},"6":{"start":{"line":19,"column":10},"end":{"line":19,"column":39}},"7":{"start":{"line":21,"column":8},"end":{"line":21,"column":31}},"8":{"start":{"line":24,"column":8},"end":{"line":24,"column":41}},"9":{"start":{"line":28,"column":2},"end":{"line":30,"column":9}},"10":{"start":{"line":29,"column":4},"end":{"line":29,"column":12}},"11":{"start":{"line":31,"column":24},"end":{"line":39,"column":3}},"12":{"start":{"line":32,"column":4},"end":{"line":38,"column":5}},"13":{"start":{"line":33,"column":21},"end":{"line":33,"column":121}},"14":{"start":{"line":33,"column":47},"end":{"line":33,"column":119}},"15":{"start":{"line":34,"column":6},"end":{"line":34,"column":20}},"16":{"start":{"line":37,"column":6},"end":{"line":37,"column":14}},"17":{"start":{"line":40,"column":25},"end":{"line":57,"column":3}},"18":{"start":{"line":41,"column":21},"end":{"line":41,"column":50}},"19":{"start":{"line":43,"column":4},"end":{"line":49,"column":5}},"20":{"start":{"line":44,"column":25},"end":{"line":44,"column":52}},"21":{"start":{"line":45,"column":6},"end":{"line":45,"column":80}},"22":{"start":{"line":46,"column":11},"end":{"line":49,"column":5}},"23":{"start":{"line":47,"column":23},"end":{"line":47,"column":50}},"24":{"start":{"line":48,"column":6},"end":{"line":48,"column":76}},"25":{"start":{"line":50,"column":4},"end":{"line":56,"column":40}},"26":{"start":{"line":55,"column":20},"end":{"line":55,"column":28}},"27":{"start":{"line":56,"column":22},"end":{"line":56,"column":38}},"28":{"start":{"line":59,"column":19},"end":{"line":68,"column":3}},"29":{"start":{"line":60,"column":21},"end":{"line":60,"column":48}},"30":{"start":{"line":61,"column":4},"end":{"line":67,"column":40}},"31":{"start":{"line":66,"column":20},"end":{"line":66,"column":28}},"32":{"start":{"line":67,"column":22},"end":{"line":67,"column":38}},"33":{"start":{"line":70,"column":2},"end":{"line":85,"column":4}}},"fnMap":{"0":{"name":"(anonymous_0)","decl":{"start":{"line":7,"column":12},"end":{"line":7,"column":13}},"loc":{"start":{"line":7,"column":31},"end":{"line":86,"column":1}},"line":7},"1":{"name":"(anonymous_1)","decl":{"start":{"line":11,"column":16},"end":{"line":11,"column":17}},"loc":{"start":{"line":11,"column":22},"end":{"line":26,"column":3}},"line":11},"2":{"name":"(anonymous_2)","decl":{"start":{"line":17,"column":12},"end":{"line":17,"column":13}},"loc":{"start":{"line":17,"column":25},"end":{"line":22,"column":7}},"line":17},"3":{"name":"(anonymous_3)","decl":{"start":{"line":18,"column":73},"end":{"line":18,"column":74}},"loc":{"start":{"line":19,"column":10},"end":{"line":19,"column":39}},"line":19},"4":{"name":"(anonymous_4)","decl":{"start":{"line":23,"column":13},"end":{"line":23,"column":14}},"loc":{"start":{"line":23,"column":22},"end":{"line":25,"column":7}},"line":23},"5":{"name":"(anonymous_5)","decl":{"start":{"line":28,"column":12},"end":{"line":28,"column":13}},"loc":{"start":{"line":28,"column":18},"end":{"line":30,"column":3}},"line":28},"6":{"name":"(anonymous_6)","decl":{"start":{"line":31,"column":24},"end":{"line":31,"column":25}},"loc":{"start":{"line":31,"column":40},"end":{"line":39,"column":3}},"line":31},"7":{"name":"(anonymous_7)","decl":{"start":{"line":33,"column":31},"end":{"line":33,"column":32}},"loc":{"start":{"line":33,"column":47},"end":{"line":33,"column":119}},"line":33},"8":{"name":"(anonymous_8)","decl":{"start":{"line":40,"column":25},"end":{"line":40,"column":26}},"loc":{"start":{"line":40,"column":32},"end":{"line":57,"column":3}},"line":40},"9":{"name":"(anonymous_9)","decl":{"start":{"line":55,"column":12},"end":{"line":55,"column":13}},"loc":{"start":{"line":55,"column":18},"end":{"line":55,"column":30}},"line":55},"10":{"name":"(anonymous_10)","decl":{"start":{"line":56,"column":13},"end":{"line":56,"column":14}},"loc":{"start":{"line":56,"column":22},"end":{"line":56,"column":38}},"line":56},"11":{"name":"(anonymous_11)","decl":{"start":{"line":59,"column":19},"end":{"line":59,"column":20}},"loc":{"start":{"line":59,"column":26},"end":{"line":68,"column":3}},"line":59},"12":{"name":"(anonymous_12)","decl":{"start":{"line":66,"column":12},"end":{"line":66,"column":13}},"loc":{"start":{"line":66,"column":18},"end":{"line":66,"column":30}},"line":66},"13":{"name":"(anonymous_13)","decl":{"start":{"line":67,"column":13},"end":{"line":67,"column":14}},"loc":{"start":{"line":67,"column":22},"end":{"line":67,"column":38}},"line":67}},"branchMap":{"0":{"loc":{"start":{"line":32,"column":4},"end":{"line":38,"column":5}},"type":"if","locations":[{"start":{"line":32,"column":4},"end":{"line":38,"column":5}},{"start":{"line":36,"column":11},"end":{"line":38,"column":5}}],"line":32},"1":{"loc":{"start":{"line":43,"column":4},"end":{"line":49,"column":5}},"type":"if","locations":[{"start":{"line":43,"column":4},"end":{"line":49,"column":5}},{"start":{"line":46,"column":11},"end":{"line":49,"column":5}}],"line":43},"2":{"loc":{"start":{"line":46,"column":11},"end":{"line":49,"column":5}},"type":"if","locations":[{"start":{"line":46,"column":11},"end":{"line":49,"column":5}},{"start":{},"end":{}}],"line":46}},"s":{"0":0,"1":0,"2":0,"3":0,"4":0,"5":0,"6":0,"7":0,"8":0,"9":0,"10":0,"11":0,"12":0,"13":0,"14":0,"15":0,"16":0,"17":0,"18":0,"19":0,"20":0,"21":0,"22":0,"23":0,"24":0,"25":0,"26":0,"27":0,"28":0,"29":0,"30":0,"31":0,"32":0,"33":0},"f":{"0":0,"1":0,"2":0,"3":0,"4":0,"5":0,"6":0,"7":0,"8":0,"9":0,"10":0,"11":0,"12":0,"13":0},"b":{"0":[0,0],"1":[0,0],"2":[0,0]}}
,"/Users/wennyxiong/Desktop/Path to SDE/Hack Reactor/SEI Projects/FEC/Client/src/Widget/Q&A/Components/AddAQuestion.jsx": {"path":"/Users/wennyxiong/Desktop/Path to SDE/Hack Reactor/SEI Projects/FEC/Client/src/Widget/Q&A/Components/AddAQuestion.jsx","statementMap":{"0":{"start":{"line":5,"column":21},"end":{"line":29,"column":1}},"1":{"start":{"line":8,"column":30},"end":{"line":8,"column":45}},"2":{"start":{"line":9,"column":2},"end":{"line":9,"column":35}},"3":{"start":{"line":9,"column":23},"end":{"line":9,"column":35}},"4":{"start":{"line":10,"column":2},"end":{"line":28,"column":4}},"5":{"start":{"line":15,"column":10},"end":{"line":15,"column":26}},"6":{"start":{"line":22,"column":24},"end":{"line":22,"column":40}}},"fnMap":{"0":{"name":"(anonymous_0)","decl":{"start":{"line":5,"column":21},"end":{"line":5,"column":22}},"loc":{"start":{"line":7,"column":6},"end":{"line":29,"column":1}},"line":7},"1":{"name":"(anonymous_1)","decl":{"start":{"line":14,"column":17},"end":{"line":14,"column":18}},"loc":{"start":{"line":14,"column":23},"end":{"line":16,"column":9}},"line":14},"2":{"name":"(anonymous_2)","decl":{"start":{"line":22,"column":17},"end":{"line":22,"column":18}},"loc":{"start":{"line":22,"column":24},"end":{"line":22,"column":40}},"line":22}},"branchMap":{"0":{"loc":{"start":{"line":9,"column":2},"end":{"line":9,"column":35}},"type":"if","locations":[{"start":{"line":9,"column":2},"end":{"line":9,"column":35}},{"start":{},"end":{}}],"line":9}},"s":{"0":0,"1":0,"2":0,"3":0,"4":0,"5":0,"6":0},"f":{"0":0,"1":0,"2":0},"b":{"0":[0,0]}}
,"/Users/wennyxiong/Desktop/Path to SDE/Hack Reactor/SEI Projects/FEC/Client/src/Widget/Q&A/Components/AddAQuestionModal.jsx": {"path":"/Users/wennyxiong/Desktop/Path to SDE/Hack Reactor/SEI Projects/FEC/Client/src/Widget/Q&A/Components/AddAQuestionModal.jsx","statementMap":{"0":{"start":{"line":5,"column":26},"end":{"line":67,"column":1}},"1":{"start":{"line":10,"column":6},"end":{"line":10,"column":39}},"2":{"start":{"line":12,"column":2},"end":{"line":12,"column":27}},"3":{"start":{"line":12,"column":15},"end":{"line":12,"column":27}},"4":{"start":{"line":13,"column":2},"end":{"line":66,"column":4}},"5":{"start":{"line":62,"column":46},"end":{"line":62,"column":56}},"6":{"start":{"line":62,"column":57},"end":{"line":62,"column":74}}},"fnMap":{"0":{"name":"(anonymous_0)","decl":{"start":{"line":5,"column":26},"end":{"line":5,"column":27}},"loc":{"start":{"line":7,"column":6},"end":{"line":67,"column":1}},"line":7},"1":{"name":"(anonymous_1)","decl":{"start":{"line":62,"column":38},"end":{"line":62,"column":39}},"loc":{"start":{"line":62,"column":44},"end":{"line":62,"column":76}},"line":62}},"branchMap":{"0":{"loc":{"start":{"line":12,"column":2},"end":{"line":12,"column":27}},"type":"if","locations":[{"start":{"line":12,"column":2},"end":{"line":12,"column":27}},{"start":{},"end":{}}],"line":12},"1":{"loc":{"start":{"line":17,"column":11},"end":{"line":61,"column":13}},"type":"cond-expr","locations":[{"start":{"line":18,"column":14},"end":{"line":18,"column":44}},{"start":{"line":20,"column":14},"end":{"line":60,"column":21}}],"line":17}},"s":{"0":0,"1":0,"2":0,"3":0,"4":0,"5":0,"6":0},"f":{"0":0,"1":0},"b":{"0":[0,0],"1":[0,0]}}
,"/Users/wennyxiong/Desktop/Path to SDE/Hack Reactor/SEI Projects/FEC/Client/src/Widget/Q&A/Components/AddAnswerModal.jsx": {"path":"/Users/wennyxiong/Desktop/Path to SDE/Hack Reactor/SEI Projects/FEC/Client/src/Widget/Q&A/Components/AddAnswerModal.jsx","statementMap":{"0":{"start":{"line":5,"column":23},"end":{"line":77,"column":1}},"1":{"start":{"line":10,"column":6},"end":{"line":10,"column":38}},"2":{"start":{"line":12,"column":2},"end":{"line":12,"column":35}},"3":{"start":{"line":12,"column":23},"end":{"line":12,"column":35}},"4":{"start":{"line":13,"column":2},"end":{"line":76,"column":4}},"5":{"start":{"line":72,"column":46},"end":{"line":72,"column":56}},"6":{"start":{"line":72,"column":57},"end":{"line":72,"column":74}},"7":{"start":{"line":72,"column":75},"end":{"line":72,"column":83}}},"fnMap":{"0":{"name":"(anonymous_0)","decl":{"start":{"line":5,"column":23},"end":{"line":5,"column":24}},"loc":{"start":{"line":7,"column":6},"end":{"line":77,"column":1}},"line":7},"1":{"name":"(anonymous_1)","decl":{"start":{"line":72,"column":38},"end":{"line":72,"column":39}},"loc":{"start":{"line":72,"column":44},"end":{"line":72,"column":85}},"line":72}},"branchMap":{"0":{"loc":{"start":{"line":12,"column":2},"end":{"line":12,"column":35}},"type":"if","locations":[{"start":{"line":12,"column":2},"end":{"line":12,"column":35}},{"start":{},"end":{}}],"line":12},"1":{"loc":{"start":{"line":17,"column":11},"end":{"line":71,"column":13}},"type":"cond-expr","locations":[{"start":{"line":18,"column":14},"end":{"line":18,"column":44}},{"start":{"line":20,"column":14},"end":{"line":70,"column":21}}],"line":17},"2":{"loc":{"start":{"line":61,"column":19},"end":{"line":61,"column":113}},"type":"binary-expr","locations":[{"start":{"line":61,"column":19},"end":{"line":61,"column":39}},{"start":{"line":61,"column":43},"end":{"line":61,"column":113}}],"line":61},"3":{"loc":{"start":{"line":63,"column":19},"end":{"line":63,"column":113}},"type":"binary-expr","locations":[{"start":{"line":63,"column":19},"end":{"line":63,"column":39}},{"start":{"line":63,"column":43},"end":{"line":63,"column":113}}],"line":63},"4":{"loc":{"start":{"line":65,"column":19},"end":{"line":65,"column":113}},"type":"binary-expr","locations":[{"start":{"line":65,"column":19},"end":{"line":65,"column":39}},{"start":{"line":65,"column":43},"end":{"line":65,"column":113}}],"line":65},"5":{"loc":{"start":{"line":67,"column":19},"end":{"line":67,"column":113}},"type":"binary-expr","locations":[{"start":{"line":67,"column":19},"end":{"line":67,"column":39}},{"start":{"line":67,"column":43},"end":{"line":67,"column":113}}],"line":67}},"s":{"0":0,"1":0,"2":0,"3":0,"4":0,"5":0,"6":0,"7":0},"f":{"0":0,"1":0},"b":{"0":[0,0],"1":[0,0],"2":[0,0],"3":[0,0],"4":[0,0],"5":[0,0]}}
,"/Users/wennyxiong/Desktop/Path to SDE/Hack Reactor/SEI Projects/FEC/Client/src/Widget/Q&A/Components/AnswerList.jsx": {"path":"/Users/wennyxiong/Desktop/Path to SDE/Hack Reactor/SEI Projects/FEC/Client/src/Widget/Q&A/Components/AnswerList.jsx","statementMap":{"0":{"start":{"line":5,"column":19},"end":{"line":35,"column":1}},"1":{"start":{"line":6,"column":38},"end":{"line":6,"column":53}},"2":{"start":{"line":7,"column":23},"end":{"line":9,"column":4}},"3":{"start":{"line":8,"column":4},"end":{"line":8,"column":33}},"4":{"start":{"line":10,"column":2},"end":{"line":10,"column":85}},"5":{"start":{"line":10,"column":31},"end":{"line":10,"column":82}},"6":{"start":{"line":11,"column":28},"end":{"line":13,"column":3}},"7":{"start":{"line":12,"column":4},"end":{"line":12,"column":68}},"8":{"start":{"line":14,"column":2},"end":{"line":34,"column":4}},"9":{"start":{"line":17,"column":8},"end":{"line":22,"column":10}},"10":{"start":{"line":25,"column":8},"end":{"line":30,"column":10}}},"fnMap":{"0":{"name":"(anonymous_0)","decl":{"start":{"line":5,"column":19},"end":{"line":5,"column":20}},"loc":{"start":{"line":5,"column":64},"end":{"line":35,"column":1}},"line":5},"1":{"name":"(anonymous_1)","decl":{"start":{"line":7,"column":53},"end":{"line":7,"column":54}},"loc":{"start":{"line":8,"column":4},"end":{"line":8,"column":33}},"line":8},"2":{"name":"(anonymous_2)","decl":{"start":{"line":10,"column":20},"end":{"line":10,"column":21}},"loc":{"start":{"line":10,"column":31},"end":{"line":10,"column":82}},"line":10},"3":{"name":"(anonymous_3)","decl":{"start":{"line":11,"column":28},"end":{"line":11,"column":29}},"loc":{"start":{"line":12,"column":4},"end":{"line":12,"column":68}},"line":12},"4":{"name":"(anonymous_4)","decl":{"start":{"line":16,"column":36},"end":{"line":16,"column":37}},"loc":{"start":{"line":17,"column":8},"end":{"line":22,"column":10}},"line":17},"5":{"name":"(anonymous_5)","decl":{"start":{"line":24,"column":47},"end":{"line":24,"column":48}},"loc":{"start":{"line":25,"column":8},"end":{"line":30,"column":10}},"line":25}},"branchMap":{"0":{"loc":{"start":{"line":10,"column":31},"end":{"line":10,"column":82}},"type":"cond-expr","locations":[{"start":{"line":10,"column":76},"end":{"line":10,"column":78}},{"start":{"line":10,"column":81},"end":{"line":10,"column":82}}],"line":10},"1":{"loc":{"start":{"line":12,"column":4},"end":{"line":12,"column":68}},"type":"cond-expr","locations":[{"start":{"line":12,"column":26},"end":{"line":12,"column":45}},{"start":{"line":12,"column":48},"end":{"line":12,"column":68}}],"line":12},"2":{"loc":{"start":{"line":24,"column":7},"end":{"line":31,"column":8}},"type":"binary-expr","locations":[{"start":{"line":24,"column":7},"end":{"line":24,"column":17}},{"start":{"line":24,"column":21},"end":{"line":31,"column":8}}],"line":24},"3":{"loc":{"start":{"line":32,"column":7},"end":{"line":32,"column":144}},"type":"binary-expr","locations":[{"start":{"line":32,"column":7},"end":{"line":32,"column":30}},{"start":{"line":32,"column":34},"end":{"line":32,"column":144}}],"line":32},"4":{"loc":{"start":{"line":32,"column":76},"end":{"line":32,"column":129}},"type":"cond-expr","locations":[{"start":{"line":32,"column":89},"end":{"line":32,"column":107}},{"start":{"line":32,"column":110},"end":{"line":32,"column":129}}],"line":32}},"s":{"0":0,"1":0,"2":0,"3":0,"4":0,"5":0,"6":0,"7":0,"8":0,"9":0,"10":0},"f":{"0":0,"1":0,"2":0,"3":0,"4":0,"5":0},"b":{"0":[0,0],"1":[0,0],"2":[0,0],"3":[0,0],"4":[0,0]}}
,"/Users/wennyxiong/Desktop/Path to SDE/Hack Reactor/SEI Projects/FEC/Client/src/Widget/Q&A/Components/AnswerPanel.jsx": {"path":"/Users/wennyxiong/Desktop/Path to SDE/Hack Reactor/SEI Projects/FEC/Client/src/Widget/Q&A/Components/AnswerPanel.jsx","statementMap":{"0":{"start":{"line":5,"column":15},"end":{"line":5,"column":32}},"1":{"start":{"line":7,"column":20},"end":{"line":57,"column":1}},"2":{"start":{"line":8,"column":38},"end":{"line":8,"column":53}},"3":{"start":{"line":9,"column":30},"end":{"line":9,"column":45}},"4":{"start":{"line":11,"column":2},"end":{"line":56,"column":4}},"5":{"start":{"line":28,"column":16},"end":{"line":28,"column":34}},"6":{"start":{"line":29,"column":16},"end":{"line":29,"column":36}},"7":{"start":{"line":38,"column":12},"end":{"line":38,"column":28}},"8":{"start":{"line":39,"column":12},"end":{"line":39,"column":24}},"9":{"start":{"line":48,"column":12},"end":{"line":51,"column":14}}},"fnMap":{"0":{"name":"(anonymous_0)","decl":{"start":{"line":7,"column":20},"end":{"line":7,"column":21}},"loc":{"start":{"line":7,"column":62},"end":{"line":57,"column":1}},"line":7},"1":{"name":"(anonymous_1)","decl":{"start":{"line":27,"column":23},"end":{"line":27,"column":24}},"loc":{"start":{"line":27,"column":30},"end":{"line":30,"column":15}},"line":27},"2":{"name":"(anonymous_2)","decl":{"start":{"line":37,"column":19},"end":{"line":37,"column":20}},"loc":{"start":{"line":37,"column":26},"end":{"line":40,"column":11}},"line":37},"3":{"name":"(anonymous_3)","decl":{"start":{"line":47,"column":29},"end":{"line":47,"column":30}},"loc":{"start":{"line":48,"column":12},"end":{"line":51,"column":14}},"line":48}},"branchMap":{"0":{"loc":{"start":{"line":22,"column":9},"end":{"line":34,"column":11}},"type":"cond-expr","locations":[{"start":{"line":22,"column":22},"end":{"line":22,"column":64}},{"start":{"line":24,"column":12},"end":{"line":33,"column":25}}],"line":22},"1":{"loc":{"start":{"line":42,"column":11},"end":{"line":42,"column":41}},"type":"cond-expr","locations":[{"start":{"line":42,"column":20},"end":{"line":42,"column":30}},{"start":{"line":42,"column":33},"end":{"line":42,"column":41}}],"line":42},"2":{"loc":{"start":{"line":45,"column":7},"end":{"line":54,"column":7}},"type":"binary-expr","locations":[{"start":{"line":45,"column":7},"end":{"line":45,"column":31}},{"start":{"line":46,"column":8},"end":{"line":53,"column":13}}],"line":45}},"s":{"0":0,"1":0,"2":0,"3":0,"4":0,"5":0,"6":0,"7":0,"8":0,"9":0},"f":{"0":0,"1":0,"2":0,"3":0},"b":{"0":[0,0],"1":[0,0],"2":[0,0]}}
,"/Users/wennyxiong/Desktop/Path to SDE/Hack Reactor/SEI Projects/FEC/Client/src/Widget/Q&A/Components/AnswerPhoto.jsx": {"path":"/Users/wennyxiong/Desktop/Path to SDE/Hack Reactor/SEI Projects/FEC/Client/src/Widget/Q&A/Components/AnswerPhoto.jsx","statementMap":{"0":{"start":{"line":6,"column":20},"end":{"line":14,"column":1}},"1":{"start":{"line":7,"column":36},"end":{"line":7,"column":51}},"2":{"start":{"line":8,"column":2},"end":{"line":13,"column":4}},"3":{"start":{"line":10,"column":27},"end":{"line":10,"column":45}},"4":{"start":{"line":11,"column":58},"end":{"line":11,"column":77}}},"fnMap":{"0":{"name":"(anonymous_0)","decl":{"start":{"line":6,"column":20},"end":{"line":6,"column":21}},"loc":{"start":{"line":6,"column":33},"end":{"line":14,"column":1}},"line":6},"1":{"name":"(anonymous_1)","decl":{"start":{"line":10,"column":20},"end":{"line":10,"column":21}},"loc":{"start":{"line":10,"column":27},"end":{"line":10,"column":45}},"line":10},"2":{"name":"(anonymous_2)","decl":{"start":{"line":11,"column":51},"end":{"line":11,"column":52}},"loc":{"start":{"line":11,"column":58},"end":{"line":11,"column":77}},"line":11}},"branchMap":{"0":{"loc":{"start":{"line":11,"column":7},"end":{"line":11,"column":82}},"type":"binary-expr","locations":[{"start":{"line":11,"column":7},"end":{"line":11,"column":16}},{"start":{"line":11,"column":20},"end":{"line":11,"column":82}}],"line":11}},"s":{"0":0,"1":0,"2":0,"3":0,"4":0},"f":{"0":0,"1":0,"2":0},"b":{"0":[0,0]}}
,"/Users/wennyxiong/Desktop/Path to SDE/Hack Reactor/SEI Projects/FEC/Client/src/Widget/Q&A/Components/PhotoModal.jsx": {"path":"/Users/wennyxiong/Desktop/Path to SDE/Hack Reactor/SEI Projects/FEC/Client/src/Widget/Q&A/Components/PhotoModal.jsx","statementMap":{"0":{"start":{"line":5,"column":20},"end":{"line":14,"column":1}},"1":{"start":{"line":6,"column":2},"end":{"line":13,"column":21}}},"fnMap":{"0":{"name":"(anonymous_0)","decl":{"start":{"line":5,"column":20},"end":{"line":5,"column":21}},"loc":{"start":{"line":6,"column":2},"end":{"line":13,"column":21}},"line":6}},"branchMap":{},"s":{"0":0,"1":0},"f":{"0":0},"b":{}}
,"/Users/wennyxiong/Desktop/Path to SDE/Hack Reactor/SEI Projects/FEC/Client/src/Widget/Q&A/Components/QuestionList.jsx": {"path":"/Users/wennyxiong/Desktop/Path to SDE/Hack Reactor/SEI Projects/FEC/Client/src/Widget/Q&A/Components/QuestionList.jsx","statementMap":{"0":{"start":{"line":8,"column":21},"end":{"line":92,"column":1}},"1":{"start":{"line":11,"column":42},"end":{"line":11,"column":57}},"2":{"start":{"line":12,"column":48},"end":{"line":12,"column":60}},"3":{"start":{"line":13,"column":24},"end":{"line":13,"column":35}},"4":{"start":{"line":15,"column":20},"end":{"line":24,"column":3}},"5":{"start":{"line":16,"column":23},"end":{"line":16,"column":50}},"6":{"start":{"line":17,"column":4},"end":{"line":23,"column":40}},"7":{"start":{"line":22,"column":20},"end":{"line":22,"column":40}},"8":{"start":{"line":23,"column":22},"end":{"line":23,"column":38}},"9":{"start":{"line":25,"column":29},"end":{"line":32,"column":3}},"10":{"start":{"line":26,"column":18},"end":{"line":26,"column":21}},"11":{"start":{"line":30,"column":4},"end":{"line":30,"column":25}},"12":{"start":{"line":31,"column":4},"end":{"line":31,"column":27}},"13":{"start":{"line":34,"column":2},"end":{"line":34,"column":114}},"14":{"start":{"line":34,"column":23},"end":{"line":34,"column":114}},"15":{"start":{"line":35,"column":2},"end":{"line":48,"column":3}},"16":{"start":{"line":36,"column":4},"end":{"line":47,"column":6}},"17":{"start":{"line":39,"column":10},"end":{"line":44,"column":12}},"18":{"start":{"line":53,"column":2},"end":{"line":91,"column":4}},"19":{"start":{"line":57,"column":10},"end":{"line":68,"column":12}},"20":{"start":{"line":71,"column":10},"end":{"line":81,"column":12}}},"fnMap":{"0":{"name":"(anonymous_0)","decl":{"start":{"line":8,"column":21},"end":{"line":8,"column":22}},"loc":{"start":{"line":10,"column":6},"end":{"line":92,"column":1}},"line":10},"1":{"name":"(anonymous_1)","decl":{"start":{"line":15,"column":20},"end":{"line":15,"column":21}},"loc":{"start":{"line":15,"column":27},"end":{"line":24,"column":3}},"line":15},"2":{"name":"(anonymous_2)","decl":{"start":{"line":22,"column":12},"end":{"line":22,"column":13}},"loc":{"start":{"line":22,"column":18},"end":{"line":22,"column":42}},"line":22},"3":{"name":"(anonymous_3)","decl":{"start":{"line":23,"column":13},"end":{"line":23,"column":14}},"loc":{"start":{"line":23,"column":22},"end":{"line":23,"column":38}},"line":23},"4":{"name":"(anonymous_4)","decl":{"start":{"line":25,"column":29},"end":{"line":25,"column":30}},"loc":{"start":{"line":25,"column":35},"end":{"line":32,"column":3}},"line":25},"5":{"name":"(anonymous_5)","decl":{"start":{"line":38,"column":16},"end":{"line":38,"column":17}},"loc":{"start":{"line":39,"column":10},"end":{"line":44,"column":12}},"line":39},"6":{"name":"(anonymous_6)","decl":{"start":{"line":56,"column":29},"end":{"line":56,"column":30}},"loc":{"start":{"line":57,"column":10},"end":{"line":68,"column":12}},"line":57},"7":{"name":"(anonymous_7)","decl":{"start":{"line":70,"column":31},"end":{"line":70,"column":32}},"loc":{"start":{"line":71,"column":10},"end":{"line":81,"column":12}},"line":71}},"branchMap":{"0":{"loc":{"start":{"line":34,"column":2},"end":{"line":34,"column":114}},"type":"if","locations":[{"start":{"line":34,"column":2},"end":{"line":34,"column":114}},{"start":{},"end":{}}],"line":34},"1":{"loc":{"start":{"line":35,"column":2},"end":{"line":48,"column":3}},"type":"if","locations":[{"start":{"line":35,"column":2},"end":{"line":48,"column":3}},{"start":{},"end":{}}],"line":35},"2":{"loc":{"start":{"line":55,"column":7},"end":{"line":82,"column":10}},"type":"cond-expr","locations":[{"start":{"line":56,"column":10},"end":{"line":69,"column":10}},{"start":{"line":70,"column":10},"end":{"line":82,"column":10}}],"line":55},"3":{"loc":{"start":{"line":83,"column":7},"end":{"line":83,"column":152}},"type":"binary-expr","locations":[{"start":{"line":83,"column":8},"end":{"line":83,"column":24}},{"start":{"line":83,"column":29},"end":{"line":83,"column":152}}],"line":83}},"s":{"0":0,"1":0,"2":0,"3":0,"4":0,"5":0,"6":0,"7":0,"8":0,"9":0,"10":0,"11":0,"12":0,"13":0,"14":0,"15":0,"16":0,"17":0,"18":0,"19":0,"20":0},"f":{"0":0,"1":0,"2":0,"3":0,"4":0,"5":0,"6":0,"7":0},"b":{"0":[0,0],"1":[0,0],"2":[0,0],"3":[0,0]}}
,"/Users/wennyxiong/Desktop/Path to SDE/Hack Reactor/SEI Projects/FEC/Client/src/Widget/Q&A/Components/QuestionPanel.jsx": {"path":"/Users/wennyxiong/Desktop/Path to SDE/Hack Reactor/SEI Projects/FEC/Client/src/Widget/Q&A/Components/QuestionPanel.jsx","statementMap":{"0":{"start":{"line":7,"column":23},"end":{"line":60,"column":1}},"1":{"start":{"line":10,"column":50},"end":{"line":10,"column":65}},"2":{"start":{"line":11,"column":38},"end":{"line":11,"column":53}},"3":{"start":{"line":12,"column":42},"end":{"line":12,"column":57}},"4":{"start":{"line":13,"column":46},"end":{"line":13,"column":61}},"5":{"start":{"line":14,"column":32},"end":{"line":14,"column":47}},"6":{"start":{"line":15,"column":2},"end":{"line":59,"column":4}},"7":{"start":{"line":18,"column":24},"end":{"line":18,"column":106}},"8":{"start":{"line":30,"column":16},"end":{"line":30,"column":34}},"9":{"start":{"line":31,"column":16},"end":{"line":31,"column":38}},"10":{"start":{"line":37,"column":41},"end":{"line":37,"column":64}},"11":{"start":{"line":45,"column":26},"end":{"line":45,"column":50}},"12":{"start":{"line":50,"column":12},"end":{"line":50,"column":29}},"13":{"start":{"line":51,"column":12},"end":{"line":51,"column":25}}},"fnMap":{"0":{"name":"(anonymous_0)","decl":{"start":{"line":7,"column":23},"end":{"line":7,"column":24}},"loc":{"start":{"line":9,"column":6},"end":{"line":60,"column":1}},"line":9},"1":{"name":"(anonymous_1)","decl":{"start":{"line":18,"column":17},"end":{"line":18,"column":18}},"loc":{"start":{"line":18,"column":24},"end":{"line":18,"column":106}},"line":18},"2":{"name":"(anonymous_2)","decl":{"start":{"line":29,"column":23},"end":{"line":29,"column":24}},"loc":{"start":{"line":29,"column":30},"end":{"line":32,"column":15}},"line":29},"3":{"name":"(anonymous_3)","decl":{"start":{"line":37,"column":34},"end":{"line":37,"column":35}},"loc":{"start":{"line":37,"column":41},"end":{"line":37,"column":64}},"line":37},"4":{"name":"(anonymous_4)","decl":{"start":{"line":45,"column":19},"end":{"line":45,"column":20}},"loc":{"start":{"line":45,"column":26},"end":{"line":45,"column":50}},"line":45},"5":{"name":"(anonymous_5)","decl":{"start":{"line":49,"column":19},"end":{"line":49,"column":20}},"loc":{"start":{"line":49,"column":26},"end":{"line":52,"column":11}},"line":49}},"branchMap":{"0":{"loc":{"start":{"line":18,"column":24},"end":{"line":18,"column":106}},"type":"cond-expr","locations":[{"start":{"line":18,"column":52},"end":{"line":18,"column":77}},{"start":{"line":18,"column":80},"end":{"line":18,"column":106}}],"line":18},"1":{"loc":{"start":{"line":24,"column":9},"end":{"line":36,"column":11}},"type":"cond-expr","locations":[{"start":{"line":24,"column":24},"end":{"line":24,"column":99}},{"start":{"line":26,"column":12},"end":{"line":35,"column":25}}],"line":24},"2":{"loc":{"start":{"line":54,"column":11},"end":{"line":54,"column":42}},"type":"cond-expr","locations":[{"start":{"line":54,"column":21},"end":{"line":54,"column":31}},{"start":{"line":54,"column":34},"end":{"line":54,"column":42}}],"line":54},"3":{"loc":{"start":{"line":57,"column":7},"end":{"line":57,"column":119}},"type":"binary-expr","locations":[{"start":{"line":57,"column":7},"end":{"line":57,"column":23}},{"start":{"line":57,"column":27},"end":{"line":57,"column":119}}],"line":57}},"s":{"0":0,"1":0,"2":0,"3":0,"4":0,"5":0,"6":0,"7":0,"8":0,"9":0,"10":0,"11":0,"12":0,"13":0},"f":{"0":0,"1":0,"2":0,"3":0,"4":0,"5":0},"b":{"0":[0,0],"1":[0,0],"2":[0,0],"3":[0,0]}}
,"/Users/wennyxiong/Desktop/Path to SDE/Hack Reactor/SEI Projects/FEC/Client/src/Widget/Q&A/Components/SearchBar.jsx": {"path":"/Users/wennyxiong/Desktop/Path to SDE/Hack Reactor/SEI Projects/FEC/Client/src/Widget/Q&A/Components/SearchBar.jsx","statementMap":{"0":{"start":{"line":4,"column":18},"end":{"line":11,"column":1}},"1":{"start":{"line":5,"column":2},"end":{"line":10,"column":4}},"2":{"start":{"line":8,"column":6},"end":{"line":8,"column":36}}},"fnMap":{"0":{"name":"(anonymous_0)","decl":{"start":{"line":4,"column":18},"end":{"line":4,"column":19}},"loc":{"start":{"line":5,"column":2},"end":{"line":10,"column":4}},"line":5},"1":{"name":"(anonymous_1)","decl":{"start":{"line":7,"column":14},"end":{"line":7,"column":15}},"loc":{"start":{"line":7,"column":21},"end":{"line":9,"column":5}},"line":7}},"branchMap":{},"s":{"0":0,"1":0,"2":0},"f":{"0":0,"1":0},"b":{}}
,"/Users/wennyxiong/Desktop/Path to SDE/Hack Reactor/SEI Projects/FEC/Client/src/Widget/Q&A/Components/SubmitNewQuestion.jsx": {"path":"/Users/wennyxiong/Desktop/Path to SDE/Hack Reactor/SEI Projects/FEC/Client/src/Widget/Q&A/Components/SubmitNewQuestion.jsx","statementMap":{"0":{"start":{"line":5,"column":26},"end":{"line":24,"column":1}},"1":{"start":{"line":8,"column":50},"end":{"line":8,"column":65}},"2":{"start":{"line":9,"column":2},"end":{"line":23,"column":4}},"3":{"start":{"line":11,"column":41},"end":{"line":11,"column":66}},"4":{"start":{"line":17,"column":24},"end":{"line":17,"column":50}}},"fnMap":{"0":{"name":"(anonymous_0)","decl":{"start":{"line":5,"column":26},"end":{"line":5,"column":27}},"loc":{"start":{"line":7,"column":6},"end":{"line":24,"column":1}},"line":7},"1":{"name":"(anonymous_1)","decl":{"start":{"line":11,"column":34},"end":{"line":11,"column":35}},"loc":{"start":{"line":11,"column":41},"end":{"line":11,"column":66}},"line":11},"2":{"name":"(anonymous_2)","decl":{"start":{"line":17,"column":17},"end":{"line":17,"column":18}},"loc":{"start":{"line":17,"column":24},"end":{"line":17,"column":50}},"line":17}},"branchMap":{"0":{"loc":{"start":{"line":12,"column":7},"end":{"line":21,"column":7}},"type":"binary-expr","locations":[{"start":{"line":12,"column":7},"end":{"line":12,"column":23}},{"start":{"line":13,"column":6},"end":{"line":20,"column":8}}],"line":12}},"s":{"0":0,"1":0,"2":0,"3":0,"4":0},"f":{"0":0,"1":0,"2":0},"b":{"0":[0,0]}}
,"/Users/wennyxiong/Desktop/Path to SDE/Hack Reactor/SEI Projects/FEC/Client/src/Widget/Q&A/Components/SubmitQuestionModal.jsx": {"path":"/Users/wennyxiong/Desktop/Path to SDE/Hack Reactor/SEI Projects/FEC/Client/src/Widget/Q&A/Components/SubmitQuestionModal.jsx","statementMap":{"0":{"start":{"line":5,"column":28},"end":{"line":67,"column":1}},"1":{"start":{"line":10,"column":6},"end":{"line":10,"column":39}},"2":{"start":{"line":12,"column":2},"end":{"line":12,"column":37}},"3":{"start":{"line":12,"column":25},"end":{"line":12,"column":37}},"4":{"start":{"line":13,"column":2},"end":{"line":66,"column":4}}},"fnMap":{"0":{"name":"(anonymous_0)","decl":{"start":{"line":5,"column":28},"end":{"line":5,"column":29}},"loc":{"start":{"line":7,"column":6},"end":{"line":67,"column":1}},"line":7}},"branchMap":{"0":{"loc":{"start":{"line":12,"column":2},"end":{"line":12,"column":37}},"type":"if","locations":[{"start":{"line":12,"column":2},"end":{"line":12,"column":37}},{"start":{},"end":{}}],"line":12},"1":{"loc":{"start":{"line":17,"column":11},"end":{"line":61,"column":13}},"type":"cond-expr","locations":[{"start":{"line":18,"column":14},"end":{"line":18,"column":44}},{"start":{"line":20,"column":14},"end":{"line":60,"column":21}}],"line":17}},"s":{"0":0,"1":0,"2":0,"3":0,"4":0},"f":{"0":0},"b":{"0":[0,0],"1":[0,0]}}
,"/Users/wennyxiong/Desktop/Path to SDE/Hack Reactor/SEI Projects/FEC/Client/src/Widget/Q&A/CreatedHooks/useAnswerForm.jsx": {"path":"/Users/wennyxiong/Desktop/Path to SDE/Hack Reactor/SEI Projects/FEC/Client/src/Widget/Q&A/CreatedHooks/useAnswerForm.jsx","statementMap":{"0":{"start":{"line":4,"column":22},"end":{"line":71,"column":1}},"1":{"start":{"line":5,"column":30},"end":{"line":5,"column":45}},"2":{"start":{"line":6,"column":34},"end":{"line":6,"column":46}},"3":{"start":{"line":7,"column":32},"end":{"line":7,"column":47}},"4":{"start":{"line":8,"column":30},"end":{"line":12,"column":4}},"5":{"start":{"line":13,"column":19},"end":{"line":13,"column":21}},"6":{"start":{"line":14,"column":22},"end":{"line":20,"column":3}},"7":{"start":{"line":15,"column":28},"end":{"line":15,"column":36}},"8":{"start":{"line":16,"column":4},"end":{"line":19,"column":8}},"9":{"start":{"line":16,"column":31},"end":{"line":19,"column":5}},"10":{"start":{"line":22,"column":30},"end":{"line":24,"column":3}},"11":{"start":{"line":23,"column":4},"end":{"line":23,"column":49}},"12":{"start":{"line":26,"column":23},"end":{"line":66,"column":3}},"13":{"start":{"line":27,"column":4},"end":{"line":27,"column":23}},"14":{"start":{"line":28,"column":17},"end":{"line":28,"column":23}},"15":{"start":{"line":29,"column":21},"end":{"line":29,"column":35}},"16":{"start":{"line":30,"column":4},"end":{"line":30,"column":51}},"17":{"start":{"line":31,"column":21},"end":{"line":38,"column":6}},"18":{"start":{"line":32,"column":6},"end":{"line":36,"column":7}},"19":{"start":{"line":33,"column":8},"end":{"line":33,"column":42}},"20":{"start":{"line":35,"column":8},"end":{"line":35,"column":39}},"21":{"start":{"line":37,"column":6},"end":{"line":37,"column":92}},"22":{"start":{"line":39,"column":4},"end":{"line":65,"column":40}},"23":{"start":{"line":43,"column":8},"end":{"line":46,"column":11}},"24":{"start":{"line":44,"column":10},"end":{"line":44,"column":36}},"25":{"start":{"line":45,"column":10},"end":{"line":45,"column":38}},"26":{"start":{"line":48,"column":8},"end":{"line":48,"column":31}},"27":{"start":{"line":49,"column":8},"end":{"line":54,"column":75}},"28":{"start":{"line":54,"column":25},"end":{"line":54,"column":55}},"29":{"start":{"line":54,"column":56},"end":{"line":54,"column":71}},"30":{"start":{"line":56,"column":18},"end":{"line":56,"column":33}},"31":{"start":{"line":58,"column":8},"end":{"line":58,"column":24}},"32":{"start":{"line":59,"column":8},"end":{"line":63,"column":11}},"33":{"start":{"line":65,"column":22},"end":{"line":65,"column":38}},"34":{"start":{"line":68,"column":2},"end":{"line":70,"column":4}}},"fnMap":{"0":{"name":"(anonymous_0)","decl":{"start":{"line":4,"column":22},"end":{"line":4,"column":23}},"loc":{"start":{"line":4,"column":38},"end":{"line":71,"column":1}},"line":4},"1":{"name":"(anonymous_1)","decl":{"start":{"line":14,"column":22},"end":{"line":14,"column":23}},"loc":{"start":{"line":14,"column":29},"end":{"line":20,"column":3}},"line":14},"2":{"name":"(anonymous_2)","decl":{"start":{"line":16,"column":14},"end":{"line":16,"column":15}},"loc":{"start":{"line":16,"column":31},"end":{"line":19,"column":5}},"line":16},"3":{"name":"(anonymous_3)","decl":{"start":{"line":22,"column":30},"end":{"line":22,"colum
[...]
,"/Users/wennyxiong/Desktop/Path to SDE/Hack Reactor/SEI Projects/FEC/Client/src/Widget/R&R/RatingChart.jsx": {"path":"/Users/wennyxiong/Desktop/Path to SDE/Hack Reactor/SEI Projects/FEC/Client/src/Widget/R&R/RatingChart.jsx","statementMap":{"0":{"start":{"line":8,"column":20},"end":{"line":20,"column":1}},"1":{"start":{"line":9,"column":2},"end":{"line":19,"column":8}}},"fnMap":{"0":{"name":"(anonymous_0)","decl":{"start":{"line":8,"column":20},"end":{"line":8,"column":21}},"loc":{"start":{"line":9,"column":2},"end":{"line":19,"column":8}},"line":9}},"branchMap":{},"s":{"0":0,"1":0},"f":{"0":0},"b":{}}
,"/Users/wennyxiong/Desktop/Path to SDE/Hack Reactor/SEI Projects/FEC/Client/src/Widget/R&R/Recommended.jsx": {"path":"/Users/wennyxiong/Desktop/Path to SDE/Hack Reactor/SEI Projects/FEC/Client/src/Widget/R&R/Recommended.jsx","statementMap":{"0":{"start":{"line":4,"column":20},"end":{"line":14,"column":1}},"1":{"start":{"line":5,"column":2},"end":{"line":13,"column":3}},"2":{"start":{"line":6,"column":17},"end":{"line":6,"column":77}},"3":{"start":{"line":6,"column":51},"end":{"line":6,"column":76}},"4":{"start":{"line":7,"column":27},"end":{"line":7,"column":70}},"5":{"start":{"line":8,"column":4},"end":{"line":12,"column":6}}},"fnMap":{"0":{"name":"(anonymous_0)","decl":{"start":{"line":4,"column":20},"end":{"line":4,"column":21}},"loc":{"start":{"line":4,"column":44},"end":{"line":14,"column":1}},"line":4},"1":{"name":"(anonymous_1)","decl":{"start":{"line":6,"column":39},"end":{"line":6,"column":40}},"loc":{"start":{"line":6,"column":51},"end":{"line":6,"column":76}},"line":6}},"branchMap":{"0":{"loc":{"start":{"line":5,"column":2},"end":{"line":13,"column":3}},"type":"if","locations":[{"start":{"line":5,"column":2},"end":{"line":13,"column":3}},{"start":{},"end":{}}],"line":5}},"s":{"0":0,"1":0,"2":0,"3":0,"4":0,"5":0},"f":{"0":0,"1":0},"b":{"0":[0,0]}}
,"/Users/wennyxiong/Desktop/Path to SDE/Hack Reactor/SEI Projects/FEC/Client/src/Widget/R&R/ReviewImageModal.jsx": {"path":"/Users/wennyxiong/Desktop/Path to SDE/Hack Reactor/SEI Projects/FEC/Client/src/Widget/R&R/ReviewImageModal.jsx","statementMap":{"0":{"start":{"line":3,"column":23},"end":{"line":13,"column":1}},"1":{"start":{"line":15,"column":21},"end":{"line":18,"column":1}},"2":{"start":{"line":20,"column":18},"end":{"line":24,"column":1}},"3":{"start":{"line":26,"column":25},"end":{"line":35,"column":1}},"4":{"start":{"line":27,"column":2},"end":{"line":34,"column":8}},"5":{"start":{"line":28,"column":41},"end":{"line":28,"column":65}}},"fnMap":{"0":{"name":"(anonymous_0)","decl":{"start":{"line":26,"column":25},"end":{"line":26,"column":26}},"loc":{"start":{"line":27,"column":2},"end":{"line":34,"column":8}},"line":27},"1":{"name":"(anonymous_1)","decl":{"start":{"line":28,"column":35},"end":{"line":28,"column":36}},"loc":{"start":{"line":28,"column":41},"end":{"line":28,"column":65}},"line":28}},"branchMap":{},"s":{"0":0,"1":0,"2":0,"3":0,"4":0,"5":0},"f":{"0":0,"1":0},"b":{}}
,"/Users/wennyxiong/Desktop/Path to SDE/Hack Reactor/SEI Projects/FEC/Client/src/Widget/R&R/ReviewImages.jsx": {"path":"/Users/wennyxiong/Desktop/Path to SDE/Hack Reactor/SEI Projects/FEC/Client/src/Widget/R&R/ReviewImages.jsx","statementMap":{"0":{"start":{"line":4,"column":23},"end":{"line":7,"column":1}},"1":{"start":{"line":9,"column":20},"end":{"line":13,"column":1}},"2":{"start":{"line":15,"column":24},"end":{"line":25,"column":1}},"3":{"start":{"line":27,"column":31},"end":{"line":30,"column":1}},"4":{"start":{"line":32,"column":28},"end":{"line":36,"column":1}},"5":{"start":{"line":39,"column":21},"end":{"line":70,"column":1}},"6":{"start":{"line":41,"column":36},"end":{"line":41,"column":51}},"7":{"start":{"line":42,"column":30},"end":{"line":42,"column":45}},"8":{"start":{"line":43,"column":38},"end":{"line":43,"column":50}},"9":{"start":{"line":45,"column":2},"end":{"line":69,"column":3}},"10":{"start":{"line":46,"column":4},"end":{"line":48,"column":6}},"11":{"start":{"line":51,"column":4},"end":{"line":68,"column":5}},"12":{"start":{"line":52,"column":6},"end":{"line":58,"column":8}},"13":{"start":{"line":55,"column":12},"end":{"line":55,"column":151}},"14":{"start":{"line":55,"column":87},"end":{"line":55,"column":102}},"15":{"start":{"line":55,"column":119},"end":{"line":55,"column":143}},"16":{"start":{"line":60,"column":6},"end":{"line":67,"column":8}},"17":{"start":{"line":64,"column":12},"end":{"line":64,"column":180}},"18":{"start":{"line":64,"column":90},"end":{"line":64,"column":105}},"19":{"start":{"line":64,"column":123},"end":{"line":64,"column":148}},"20":{"start":{"line":64,"column":149},"end":{"line":64,"column":171}}},"fnMap":{"0":{"name":"(anonymous_0)","decl":{"start":{"line":39,"column":21},"end":{"line":39,"column":22}},"loc":{"start":{"line":39,"column":37},"end":{"line":70,"column":1}},"line":39},"1":{"name":"(anonymous_1)","decl":{"start":{"line":54,"column":22},"end":{"line":54,"column":23}},"loc":{"start":{"line":55,"column":12},"end":{"line":55,"column":151}},"line":55},"2":{"name":"(anonymous_2)","decl":{"start":{"line":55,"column":78},"end":{"line":55,"column":79}},"loc":{"start":{"line":55,"column":87},"end":{"line":55,"column":102}},"line":55},"3":{"name":"(anonymous_3)","decl":{"start":{"line":55,"column":113},"end":{"line":55,"column":114}},"loc":{"start":{"line":55,"column":119},"end":{"line":55,"column":143}},"line":55},"4":{"name":"(anonymous_4)","decl":{"start":{"line":62,"column":22},"end":{"line":62,"column":23}},"loc":{"start":{"line":64,"column":12},"end":{"line":64,"column":180}},"line":64},"5":{"name":"(anonymous_5)","decl":{"start":{"line":64,"column":81},"end":{"line":64,"column":82}},"loc":{"start":{"line":64,"column":90},"end":{"line":64,"column":105}},"line":64},"6":{"name":"(anonymous_6)","decl":{"start":{"line":64,"column":116},"end":{"line":64,"column":117}},"loc":{"start":{"line":64,"column":122},"end":{"line":64,"column":172}},"line":64}},"branchMap":{"0":{"loc":{"start":{"line":45,"column":2},"end":{"line":69,"column":3}},"type":"if","locations":[{"start":{"line":45,"column":2},"end":{"line":69,"column":3}},{"start":{"line":49,"column":9},"end":{"line":69,"column":3}}],"line":45},"1":{"loc":{"start":{"line":51,"column":4},"end":{"line":68,"column":5}},"type":"if","locations":[{"start":{"line":51,"column":4},"end":{"line":68,"column":5}},{"start":{"line":59,"column":11},"end":{"line":68,"column":5}}],"line":51}},"s":{"0":0,"1":0,"2":0,"3":0,"4":0,"5":0,"6":0,"7":0,"8":0,"9":0,"10":0,"11":0,"12":0,"13":0,"14":0,"15":0,"16":0,"17":0,"18":0,"19":0,"20":0},"f":{"0":0,"1":0,"2":0,"3":0,"4":0,"5":0,"6":0},"b":{"0":[0,0],"1":[0,0]}}
,"/Users/wennyxiong/Desktop/Path to SDE/Hack Reactor/SEI Projects/FEC/Client/src/Widget/R&R/ReviewList.jsx": {"path":"/Users/wennyxiong/Desktop/Path to SDE/Hack Reactor/SEI Projects/FEC/Client/src/Widget/R&R/ReviewList.jsx","statementMap":{"0":{"start":{"line":8,"column":21},"end":{"line":10,"column":1}},"1":{"start":{"line":12,"column":19},"end":{"line":45,"column":1}},"2":{"start":{"line":13,"column":26},"end":{"line":13,"column":41}},"3":{"start":{"line":14,"column":40},"end":{"line":14,"column":54}},"4":{"start":{"line":15,"column":40},"end":{"line":15,"column":51}},"5":{"start":{"line":17,"column":2},"end":{"line":31,"column":3}},"6":{"start":{"line":18,"column":4},"end":{"line":30,"column":6}},"7":{"start":{"line":23,"column":12},"end":{"line":23,"column":69}},"8":{"start":{"line":31,"column":4},"end":{"line":44,"column":4}},"9":{"start":{"line":36,"column":10},"end":{"line":36,"column":67}}},"fnMap":{"0":{"name":"(anonymous_0)","decl":{"start":{"line":12,"column":19},"end":{"line":12,"column":20}},"loc":{"start":{"line":12,"column":62},"end":{"line":45,"column":1}},"line":12},"1":{"name":"(anonymous_1)","decl":{"start":{"line":22,"column":45},"end":{"line":22,"column":46}},"loc":{"start":{"line":23,"column":12},"end":{"line":23,"column":69}},"line":23},"2":{"name":"(anonymous_2)","decl":{"start":{"line":35,"column":21},"end":{"line":35,"column":22}},"loc":{"start":{"line":36,"column":10},"end":{"line":36,"column":67}},"line":36}},"branchMap":{"0":{"loc":{"start":{"line":17,"column":2},"end":{"line":31,"column":3}},"type":"if","locations":[{"start":{"line":17,"column":2},"end":{"line":31,"column":3}},{"start":{},"end":{}}],"line":17},"1":{"loc":{"start":{"line":26,"column":9},"end":{"line":26,"column":195}},"type":"binary-expr","locations":[{"start":{"line":26,"column":9},"end":{"line":26,"column":34}},{"start":{"line":26,"column":38},"end":{"line":26,"column":195}}],"line":26},"2":{"loc":{"start":{"line":40,"column":7},"end":{"line":40,"column":186}},"type":"binary-expr","locations":[{"start":{"line":40,"column":7},"end":{"line":40,"column":32}},{"start":{"line":40,"column":36},"end":{"line":40,"column":186}}],"line":40}},"s":{"0":0,"1":0,"2":0,"3":0,"4":0,"5":0,"6":0,"7":0,"8":0,"9":0},"f":{"0":0,"1":0,"2":0},"b":{"0":[0,0],"1":[0,0],"2":[0,0]}}
,"/Users/wennyxiong/Desktop/Path to SDE/Hack Reactor/SEI Projects/FEC/Client/src/Widget/R&R/ReviewTile.jsx": {"path":"/Users/wennyxiong/Desktop/Path to SDE/Hack Reactor/SEI Projects/FEC/Client/src/Widget/R&R/ReviewTile.jsx","statementMap":{"0":{"start":{"line":9,"column":15},"end":{"line":9,"column":32}},"1":{"start":{"line":12,"column":18},"end":{"line":14,"column":1}},"2":{"start":{"line":16,"column":15},"end":{"line":18,"column":1}},"3":{"start":{"line":20,"column":25},"end":{"line":23,"column":1}},"4":{"start":{"line":25,"column":19},"end":{"line":138,"column":1}},"5":{"start":{"line":29,"column":2},"end":{"line":84,"column":3}},"6":{"start":{"line":31,"column":4},"end":{"line":58,"column":5}},"7":{"start":{"line":33,"column":6},"end":{"line":46,"column":7}},"8":{"start":{"line":34,"column":8},"end":{"line":45,"column":10}},"9":{"start":{"line":47,"column":6},"end":{"line":57,"column":8}},"10":{"start":{"line":60,"column":4},"end":{"line":72,"column":5}},"11":{"start":{"line":61,"column":6},"end":{"line":71,"column":8}},"12":{"start":{"line":74,"column":4},"end":{"line":83,"column":6}},"13":{"start":{"line":87,"column":2},"end":{"line":114,"column":3}},"14":{"start":{"line":89,"column":4},"end":{"line":101,"column":5}},"15":{"start":{"line":90,"column":6},"end":{"line":100,"column":8}},"16":{"start":{"line":102,"column":4},"end":{"line":113,"column":6}},"17":{"start":{"line":116,"column":2},"end":{"line":127,"column":3}},"18":{"start":{"line":117,"column":4},"end":{"line":126,"column":6}},"19":{"start":{"line":129,"column":2},"end":{"line":137,"column":4}}},"fnMap":{"0":{"name":"(anonymous_0)","decl":{"start":{"line":25,"column":19},"end":{"line":25,"column":20}},"loc":{"start":{"line":25,"column":39},"end":{"line":138,"column":1}},"line":25}},"branchMap":{"0":{"loc":{"start":{"line":29,"column":2},"end":{"line":84,"column":3}},"type":"if","locations":[{"start":{"line":29,"column":2},"end":{"line":84,"column":3}},{"start":{},"end":{}}],"line":29},"1":{"loc":{"start":{"line":31,"column":4},"end":{"line":58,"column":5}},"type":"if","locations":[{"start":{"line":31,"column":4},"end":{"line":58,"column":5}},{"start":{},"end":{}}],"line":31},"2":{"loc":{"start":{"line":33,"column":6},"end":{"line":46,"column":7}},"type":"if","locations":[{"start":{"line":33,"column":6},"end":{"line":46,"column":7}},{"start":{},"end":{}}],"line":33},"3":{"loc":{"start":{"line":60,"column":4},"end":{"line":72,"column":5}},"type":"if","locations":[{"start":{"line":60,"column":4},"end":{"line":72,"column":5}},{"start":{},"end":{}}],"line":60},"4":{"loc":{"start":{"line":87,"column":2},"end":{"line":114,"column":3}},"type":"if","locations":[{"start":{"line":87,"column":2},"end":{"line":114,"column":3}},{"start":{},"end":{}}],"line":87},"5":{"loc":{"start":{"line":89,"column":4},"end":{"line":101,"column":5}},"type":"if","locations":[{"start":{"line":89,"column":4},"end":{"line":101,"column":5}},{"start":{},"end":{}}],"line":89},"6":{"loc":{"start":{"line":116,"column":2},"end":{"line":127,"column":3}},"type":"if","locations":[{"start":{"line":116,"column":2},"end":{"line":127,"column":3}},{"start":{},"end":{}}],"line":116}},"s":{"0":0,"1":0,"2":0,"3":0,"4":0,"5":0,"6":0,"7":0,"8":0,"9":0,"10":0,"11":0,"12":0,"13":0,"14":0,"15":0,"16":0,"17":0,"18":0,"19":0},"f":{"0":0},"b":{"0":[0,0],"1":[0,0],"2":[0,0],"3":[0,0],"4":[0,0],"5":[0,0],"6":[0,0]}}
,"/Users/wennyxiong/Desktop/Path to SDE/Hack Reactor/SEI Projects/FEC/Client/src/Widget/R&R/Sorting.jsx": {"path":"/Users/wennyxiong/Desktop/Path to SDE/Hack Reactor/SEI Projects/FEC/Client/src/Widget/R&R/Sorting.jsx","statementMap":{"0":{"start":{"line":6,"column":23},"end":{"line":12,"column":1}},"1":{"start":{"line":25,"column":16},"end":{"line":55,"column":1}},"2":{"start":{"line":26,"column":2},"end":{"line":54,"column":3}},"3":{"start":{"line":27,"column":19},"end":{"line":29,"column":6}},"4":{"start":{"line":28,"column":6},"end":{"line":28,"column":40}},"5":{"start":{"line":32,"column":19},"end":{"line":34,"column":6}},"6":{"start":{"line":33,"column":6},"end":{"line":33,"column":40}},"7":{"start":{"line":41,"column":4},"end":{"line":53,"column":6}}},"fnMap":{"0":{"name":"(anonymous_0)","decl":{"start":{"line":25,"column":16},"end":{"line":25,"column":17}},"loc":{"start":{"line":25,"column":46},"end":{"line":55,"column":1}},"line":25},"1":{"name":"(anonymous_1)","decl":{"start":{"line":27,"column":41},"end":{"line":27,"column":42}},"loc":{"start":{"line":28,"column":6},"end":{"line":28,"column":40}},"line":28},"2":{"name":"(anonymous_2)","decl":{"start":{"line":32,"column":41},"end":{"line":32,"column":42}},"loc":{"start":{"line":33,"column":6},"end":{"line":33,"column":40}},"line":33}},"branchMap":{"0":{"loc":{"start":{"line":26,"column":2},"end":{"line":54,"column":3}},"type":"if","locations":[{"start":{"line":26,"column":2},"end":{"line":54,"column":3}},{"start":{},"end":{}}],"line":26},"1":{"loc":{"start":{"line":28,"column":6},"end":{"line":28,"column":40}},"type":"cond-expr","locations":[{"start":{"line":28,"column":34},"end":{"line":28,"column":35}},{"start":{"line":28,"column":38},"end":{"line":28,"column":40}}],"line":28},"2":{"loc":{"start":{"line":33,"column":6},"end":{"line":33,"column":40}},"type":"cond-expr","locations":[{"start":{"line":33,"column":34},"end":{"line":33,"column":35}},{"start":{"line":33,"column":38},"end":{"line":33,"column":40}}],"line":33}},"s":{"0":0,"1":0,"2":0,"3":0,"4":0,"5":0,"6":0,"7":0},"f":{"0":0,"1":0,"2":0},"b":{"0":[0,0],"1":[0,0],"2":[0,0]}}
,"/Users/wennyxiong/Desktop/Path to SDE/Hack Reactor/SEI Projects/FEC/Client/src/Widget/R&R/StarComponentTest.jsx": {"path":"/Users/wennyxiong/Desktop/Path to SDE/Hack Reactor/SEI Projects/FEC/Client/src/Widget/R&R/StarComponentTest.jsx","statementMap":{"0":{"start":{"line":3,"column":26},"end":{"line":5,"column":1}},"1":{"start":{"line":4,"column":2},"end":{"line":4,"column":14}}},"fnMap":{"0":{"name":"(anonymous_0)","decl":{"start":{"line":3,"column":26},"end":{"line":3,"column":27}},"loc":{"start":{"line":4,"column":2},"end":{"line":4,"column":14}},"line":4}},"branchMap":{},"s":{"0":0,"1":0},"f":{"0":0},"b":{}}
,"/Users/wennyxiong/Desktop/Path to SDE/Hack Reactor/SEI Projects/FEC/Client/src/Widget/R&R/UserStars.jsx": {"path":"/Users/wennyxiong/Desktop/Path to SDE/Hack Reactor/SEI Projects/FEC/Client/src/Widget/R&R/UserStars.jsx","statementMap":{"0":{"start":{"line":6,"column":18},"end":{"line":35,"column":1}},"1":{"start":{"line":7,"column":2},"end":{"line":11,"column":3}},"2":{"start":{"line":8,"column":4},"end":{"line":10,"column":6}},"3":{"start":{"line":12,"column":2},"end":{"line":16,"column":3}},"4":{"start":{"line":13,"column":4},"end":{"line":15,"column":6}},"5":{"start":{"line":17,"column":2},"end":{"line":21,"column":3}},"6":{"start":{"line":18,"column":4},"end":{"line":20,"column":6}},"7":{"start":{"line":22,"column":2},"end":{"line":26,"column":3}},"8":{"start":{"line":23,"column":4},"end":{"line":25,"column":6}},"9":{"start":{"line":27,"column":2},"end":{"line":31,"column":3}},"10":{"start":{"line":28,"column":4},"end":{"line":30,"column":6}},"11":{"start":{"line":32,"column":2},"end":{"line":34,"column":4}}},"fnMap":{"0":{"name":"(anonymous_0)","decl":{"start":{"line":6,"column":18},"end":{"line":6,"column":19}},"loc":{"start":{"line":6,"column":38},"end":{"line":35,"column":1}},"line":6}},"branchMap":{"0":{"loc":{"start":{"line":7,"column":2},"end":{"line":11,"column":3}},"type":"if","locations":[{"start":{"line":7,"column":2},"end":{"line":11,"column":3}},{"start":{},"end":{}}],"line":7},"1":{"loc":{"start":{"line":12,"column":2},"end":{"line":16,"column":3}},"type":"if","locations":[{"start":{"line":12,"column":2},"end":{"line":16,"column":3}},{"start":{},"end":{}}],"line":12},"2":{"loc":{"start":{"line":17,"column":2},"end":{"line":21,"column":3}},"type":"if","locations":[{"start":{"line":17,"column":2},"end":{"line":21,"column":3}},{"start":{},"end":{}}],"line":17},"3":{"loc":{"start":{"line":22,"column":2},"end":{"line":26,"column":3}},"type":"if","locations":[{"start":{"line":22,"column":2},"end":{"line":26,"column":3}},{"start":{},"end":{}}],"line":22},"4":{"loc":{"start":{"line":27,"column":2},"end":{"line":31,"column":3}},"type":"if","locations":[{"start":{"line":27,"column":2},"end":{"line":31,"column":3}},{"start":{},"end":{}}],"line":27}},"s":{"0":0,"1":0,"2":0,"3":0,"4":0,"5":0,"6":0,"7":0,"8":0,"9":0,"10":0,"11":0},"f":{"0":0},"b":{"0":[0,0],"1":[0,0],"2":[0,0],"3":[0,0],"4":[0,0]}}
,"/Users/wennyxiong/Desktop/Path to SDE/Hack Reactor/SEI Projects/FEC/Client/src/Widget/Related/Related.jsx": {"path":"/Users/wennyxiong/Desktop/Path to SDE/Hack Reactor/SEI Projects/FEC/Client/src/Widget/Related/Related.jsx","statementMap":{"0":{"start":{"line":3,"column":16},"end":{"line":5,"column":1}},"1":{"start":{"line":4,"column":2},"end":{"line":4,"column":27}}},"fnMap":{"0":{"name":"(anonymous_0)","decl":{"start":{"line":3,"column":16},"end":{"line":3,"column":17}},"loc":{"start":{"line":4,"column":2},"end":{"line":4,"column":27}},"line":4}},"branchMap":{},"s":{"0":0,"1":0},"f":{"0":0},"b":{}}
}
